2026-02-21 09:46:20 DEBUG service:41 - HHH010455: Adding integrator: org.hibernate.boot.beanvalidation.BeanValidationIntegrator
2026-02-21 09:46:20 DEBUG service:41 - HHH010455: Adding integrator: org.hibernate.cache.internal.CollectionCacheInvalidator
2026-02-21 09:46:20 INFO  core:41 - HHH000001: Hibernate ORM core version 7.2.4.Final
2026-02-21 09:46:20 DEBUG core:155 - HHH000206: 'hibernate.properties' not found
2026-02-21 09:46:20 DEBUG boot:97 - HHH160204: cfg.xml document did not define namespaces; wrapping in custom event reader to introduce namespace information
2026-02-21 09:46:20 DEBUG cache:116 - HHH90001031: Cannot default RegionFactory since no RegionFactory strategies were registered
2026-02-21 09:46:20 DEBUG cache:46 - HHH90001029: Second-level cache disabled
2026-02-21 09:46:21 WARN  pooling:85 - HHH10001002: Using built-in connection pool (not intended for production use)
2026-02-21 09:46:23 DEBUG pooling:34 - HHH10001014: Initializing connection pool with 1 connections
2026-02-21 09:46:23 DEBUG jdbc:457 - HHH100017: Database:
	name: MySQL
	version: 8.0.42
	major: 8
	minor: 0
2026-02-21 09:46:23 DEBUG jdbc:463 - HHH100018: Driver:
	name: MySQL Connector/J
	version: mysql-connector-j-8.0.33 (Revision: 7d6b0800528b6b25c68b52dc10d6c1c8429c100c)
	major: 8
	minor: 0
	JDBC version: 4.2
2026-02-21 09:46:23 WARN  deprecation:152 - HHH90000025: MySQLDialect does not need to be specified explicitly using 'hibernate.dialect' (remove the property setting and it will be selected by default)
2026-02-21 09:46:23 DEBUG dialect:93 - HHH035001: Using dialect: org.hibernate.dialect.MySQLDialect, version: 8.0.42
2026-02-21 09:46:23 DEBUG IdentifierHelperBuilder:205 - IdentifierCaseStrategy for both quoted and unquoted identifiers was set to the same strategy [LOWER]; that will likely lead to problems in schema update and validation if using quoted identifiers
2026-02-21 09:46:23 DEBUG jdbc:379 - HHH100122: Using default JDBC fetch size: 0
2026-02-21 09:46:23 INFO  pooling:179 - HHH10001005: Database info:
	Database JDBC URL [jdbc:mysql://localhost:3306/mla]
	Database driver: MySQL Connector/J
	Database dialect: MySQLDialect
	Database version: 8.0.42
	Default catalog/schema: mla/undefined
	Autocommit mode: false
	Isolation level: REPEATABLE_READ
	JDBC fetch size: none
	Pool: DriverManagerConnectionProvider
	Minimum pool size: 1
	Maximum pool size: 20
2026-02-21 09:46:23 DEBUG pooling:79 - HHH10001008: Cleaning up connection pool [jdbc:mysql://localhost:3306/mla]
2026-02-21 09:49:26 DEBUG service:41 - HHH010455: Adding integrator: org.hibernate.boot.beanvalidation.BeanValidationIntegrator
2026-02-21 09:49:26 DEBUG service:41 - HHH010455: Adding integrator: org.hibernate.cache.internal.CollectionCacheInvalidator
2026-02-21 09:49:26 INFO  core:41 - HHH000001: Hibernate ORM core version 7.2.4.Final
2026-02-21 09:49:26 DEBUG core:155 - HHH000206: 'hibernate.properties' not found
2026-02-21 09:49:26 DEBUG boot:97 - HHH160204: cfg.xml document did not define namespaces; wrapping in custom event reader to introduce namespace information
2026-02-21 09:49:26 DEBUG cache:116 - HHH90001031: Cannot default RegionFactory since no RegionFactory strategies were registered
2026-02-21 09:49:26 DEBUG cache:46 - HHH90001029: Second-level cache disabled
2026-02-21 09:49:27 WARN  pooling:85 - HHH10001002: Using built-in connection pool (not intended for production use)
2026-02-21 09:49:27 DEBUG pooling:34 - HHH10001014: Initializing connection pool with 1 connections
2026-02-21 09:49:27 DEBUG jdbc:457 - HHH100017: Database:
	name: MySQL
	version: 8.0.42
	major: 8
	minor: 0
2026-02-21 09:49:27 DEBUG jdbc:463 - HHH100018: Driver:
	name: MySQL Connector/J
	version: mysql-connector-j-8.0.33 (Revision: 7d6b0800528b6b25c68b52dc10d6c1c8429c100c)
	major: 8
	minor: 0
	JDBC version: 4.2
2026-02-21 09:49:27 WARN  deprecation:152 - HHH90000025: MySQLDialect does not need to be specified explicitly using 'hibernate.dialect' (remove the property setting and it will be selected by default)
2026-02-21 09:49:27 DEBUG dialect:93 - HHH035001: Using dialect: org.hibernate.dialect.MySQLDialect, version: 8.0.42
2026-02-21 09:49:27 DEBUG IdentifierHelperBuilder:205 - IdentifierCaseStrategy for both quoted and unquoted identifiers was set to the same strategy [LOWER]; that will likely lead to problems in schema update and validation if using quoted identifiers
2026-02-21 09:49:27 DEBUG jdbc:379 - HHH100122: Using default JDBC fetch size: 0
2026-02-21 09:49:27 INFO  pooling:179 - HHH10001005: Database info:
	Database JDBC URL [jdbc:mysql://localhost:3306/mla]
	Database driver: MySQL Connector/J
	Database dialect: MySQLDialect
	Database version: 8.0.42
	Default catalog/schema: mla/undefined
	Autocommit mode: false
	Isolation level: REPEATABLE_READ
	JDBC fetch size: none
	Pool: DriverManagerConnectionProvider
	Minimum pool size: 1
	Maximum pool size: 20
2026-02-21 09:49:28 DEBUG pooling:79 - HHH10001008: Cleaning up connection pool [jdbc:mysql://localhost:3306/mla]
2026-02-21 09:51:03 DEBUG service:41 - HHH010455: Adding integrator: org.hibernate.boot.beanvalidation.BeanValidationIntegrator
2026-02-21 09:51:03 DEBUG service:41 - HHH010455: Adding integrator: org.hibernate.cache.internal.CollectionCacheInvalidator
2026-02-21 09:51:03 INFO  core:41 - HHH000001: Hibernate ORM core version 7.2.4.Final
2026-02-21 09:51:03 DEBUG core:155 - HHH000206: 'hibernate.properties' not found
2026-02-21 09:51:03 DEBUG boot:97 - HHH160204: cfg.xml document did not define namespaces; wrapping in custom event reader to introduce namespace information
2026-02-21 09:51:03 DEBUG cache:116 - HHH90001031: Cannot default RegionFactory since no RegionFactory strategies were registered
2026-02-21 09:51:03 DEBUG cache:46 - HHH90001029: Second-level cache disabled
2026-02-21 09:51:04 WARN  pooling:85 - HHH10001002: Using built-in connection pool (not intended for production use)
2026-02-21 09:51:04 DEBUG pooling:34 - HHH10001014: Initializing connection pool with 1 connections
2026-02-21 09:51:04 DEBUG jdbc:457 - HHH100017: Database:
	name: MySQL
	version: 8.0.42
	major: 8
	minor: 0
2026-02-21 09:51:04 DEBUG jdbc:463 - HHH100018: Driver:
	name: MySQL Connector/J
	version: mysql-connector-j-8.0.33 (Revision: 7d6b0800528b6b25c68b52dc10d6c1c8429c100c)
	major: 8
	minor: 0
	JDBC version: 4.2
2026-02-21 09:51:04 WARN  deprecation:152 - HHH90000025: MySQLDialect does not need to be specified explicitly using 'hibernate.dialect' (remove the property setting and it will be selected by default)
2026-02-21 09:51:04 DEBUG dialect:93 - HHH035001: Using dialect: org.hibernate.dialect.MySQLDialect, version: 8.0.42
2026-02-21 09:51:04 DEBUG IdentifierHelperBuilder:205 - IdentifierCaseStrategy for both quoted and unquoted identifiers was set to the same strategy [LOWER]; that will likely lead to problems in schema update and validation if using quoted identifiers
2026-02-21 09:51:04 DEBUG jdbc:379 - HHH100122: Using default JDBC fetch size: 0
2026-02-21 09:51:04 INFO  pooling:179 - HHH10001005: Database info:
	Database JDBC URL [jdbc:mysql://localhost:3306/mla]
	Database driver: MySQL Connector/J
	Database dialect: MySQLDialect
	Database version: 8.0.42
	Default catalog/schema: mla/undefined
	Autocommit mode: false
	Isolation level: REPEATABLE_READ
	JDBC fetch size: none
	Pool: DriverManagerConnectionProvider
	Minimum pool size: 1
	Maximum pool size: 20
2026-02-21 09:51:05 DEBUG pooling:79 - HHH10001008: Cleaning up connection pool [jdbc:mysql://localhost:3306/mla]
2026-02-21 09:51:51 DEBUG service:41 - HHH010455: Adding integrator: org.hibernate.boot.beanvalidation.BeanValidationIntegrator
2026-02-21 09:51:51 DEBUG service:41 - HHH010455: Adding integrator: org.hibernate.cache.internal.CollectionCacheInvalidator
2026-02-21 09:51:51 INFO  core:41 - HHH000001: Hibernate ORM core version 7.2.4.Final
2026-02-21 09:51:51 DEBUG core:155 - HHH000206: 'hibernate.properties' not found
2026-02-21 09:51:52 DEBUG boot:97 - HHH160204: cfg.xml document did not define namespaces; wrapping in custom event reader to introduce namespace information
2026-02-21 09:51:52 DEBUG cache:116 - HHH90001031: Cannot default RegionFactory since no RegionFactory strategies were registered
2026-02-21 09:51:52 DEBUG cache:46 - HHH90001029: Second-level cache disabled
2026-02-21 09:51:52 WARN  pooling:85 - HHH10001002: Using built-in connection pool (not intended for production use)
2026-02-21 09:51:53 DEBUG pooling:34 - HHH10001014: Initializing connection pool with 1 connections
2026-02-21 09:51:53 DEBUG jdbc:457 - HHH100017: Database:
	name: MySQL
	version: 8.0.42
	major: 8
	minor: 0
2026-02-21 09:51:53 DEBUG jdbc:463 - HHH100018: Driver:
	name: MySQL Connector/J
	version: mysql-connector-j-8.0.33 (Revision: 7d6b0800528b6b25c68b52dc10d6c1c8429c100c)
	major: 8
	minor: 0
	JDBC version: 4.2
2026-02-21 09:51:53 WARN  deprecation:152 - HHH90000025: MySQLDialect does not need to be specified explicitly using 'hibernate.dialect' (remove the property setting and it will be selected by default)
2026-02-21 09:51:53 DEBUG dialect:93 - HHH035001: Using dialect: org.hibernate.dialect.MySQLDialect, version: 8.0.42
2026-02-21 09:51:53 DEBUG IdentifierHelperBuilder:205 - IdentifierCaseStrategy for both quoted and unquoted identifiers was set to the same strategy [LOWER]; that will likely lead to problems in schema update and validation if using quoted identifiers
2026-02-21 09:51:53 DEBUG jdbc:379 - HHH100122: Using default JDBC fetch size: 0
2026-02-21 09:51:53 INFO  pooling:179 - HHH10001005: Database info:
	Database JDBC URL [jdbc:mysql://localhost:3306/mla]
	Database driver: MySQL Connector/J
	Database dialect: MySQLDialect
	Database version: 8.0.42
	Default catalog/schema: mla/undefined
	Autocommit mode: false
	Isolation level: REPEATABLE_READ
	JDBC fetch size: none
	Pool: DriverManagerConnectionProvider
	Minimum pool size: 1
	Maximum pool size: 20
2026-02-21 09:51:53 DEBUG pooling:79 - HHH10001008: Cleaning up connection pool [jdbc:mysql://localhost:3306/mla]
2026-02-21 09:53:47 DEBUG service:41 - HHH010455: Adding integrator: org.hibernate.boot.beanvalidation.BeanValidationIntegrator
2026-02-21 09:53:47 DEBUG service:41 - HHH010455: Adding integrator: org.hibernate.cache.internal.CollectionCacheInvalidator
2026-02-21 09:53:47 INFO  core:41 - HHH000001: Hibernate ORM core version 7.2.4.Final
2026-02-21 09:53:47 DEBUG core:155 - HHH000206: 'hibernate.properties' not found
2026-02-21 09:53:47 DEBUG boot:97 - HHH160204: cfg.xml document did not define namespaces; wrapping in custom event reader to introduce namespace information
2026-02-21 09:53:47 DEBUG cache:116 - HHH90001031: Cannot default RegionFactory since no RegionFactory strategies were registered
2026-02-21 09:53:47 DEBUG cache:46 - HHH90001029: Second-level cache disabled
2026-02-21 09:53:47 WARN  pooling:85 - HHH10001002: Using built-in connection pool (not intended for production use)
2026-02-21 09:53:48 DEBUG pooling:34 - HHH10001014: Initializing connection pool with 1 connections
2026-02-21 09:53:48 DEBUG jdbc:457 - HHH100017: Database:
	name: MySQL
	version: 8.0.42
	major: 8
	minor: 0
2026-02-21 09:53:48 DEBUG jdbc:463 - HHH100018: Driver:
	name: MySQL Connector/J
	version: mysql-connector-j-8.0.33 (Revision: 7d6b0800528b6b25c68b52dc10d6c1c8429c100c)
	major: 8
	minor: 0
	JDBC version: 4.2
2026-02-21 09:53:48 WARN  deprecation:152 - HHH90000025: MySQLDialect does not need to be specified explicitly using 'hibernate.dialect' (remove the property setting and it will be selected by default)
2026-02-21 09:53:48 DEBUG dialect:93 - HHH035001: Using dialect: org.hibernate.dialect.MySQLDialect, version: 8.0.42
2026-02-21 09:53:48 DEBUG IdentifierHelperBuilder:205 - IdentifierCaseStrategy for both quoted and unquoted identifiers was set to the same strategy [LOWER]; that will likely lead to problems in schema update and validation if using quoted identifiers
2026-02-21 09:53:48 DEBUG jdbc:379 - HHH100122: Using default JDBC fetch size: 0
2026-02-21 09:53:48 INFO  pooling:179 - HHH10001005: Database info:
	Database JDBC URL [jdbc:mysql://localhost:3306/mla]
	Database driver: MySQL Connector/J
	Database dialect: MySQLDialect
	Database version: 8.0.42
	Default catalog/schema: mla/undefined
	Autocommit mode: false
	Isolation level: REPEATABLE_READ
	JDBC fetch size: none
	Pool: DriverManagerConnectionProvider
	Minimum pool size: 1
	Maximum pool size: 20
2026-02-21 09:53:49 DEBUG pooling:79 - HHH10001008: Cleaning up connection pool [jdbc:mysql://localhost:3306/mla]
2026-02-21 09:54:28 DEBUG service:41 - HHH010455: Adding integrator: org.hibernate.boot.beanvalidation.BeanValidationIntegrator
2026-02-21 09:54:28 DEBUG service:41 - HHH010455: Adding integrator: org.hibernate.cache.internal.CollectionCacheInvalidator
2026-02-21 09:54:28 INFO  core:41 - HHH000001: Hibernate ORM core version 7.2.4.Final
2026-02-21 09:54:28 DEBUG core:155 - HHH000206: 'hibernate.properties' not found
2026-02-21 09:54:28 DEBUG boot:97 - HHH160204: cfg.xml document did not define namespaces; wrapping in custom event reader to introduce namespace information
2026-02-21 09:54:28 DEBUG cache:116 - HHH90001031: Cannot default RegionFactory since no RegionFactory strategies were registered
2026-02-21 09:54:28 DEBUG cache:46 - HHH90001029: Second-level cache disabled
2026-02-21 09:54:28 WARN  pooling:85 - HHH10001002: Using built-in connection pool (not intended for production use)
2026-02-21 09:54:29 DEBUG pooling:34 - HHH10001014: Initializing connection pool with 1 connections
2026-02-21 09:54:29 DEBUG jdbc:457 - HHH100017: Database:
	name: MySQL
	version: 8.0.42
	major: 8
	minor: 0
2026-02-21 09:54:29 DEBUG jdbc:463 - HHH100018: Driver:
	name: MySQL Connector/J
	version: mysql-connector-j-8.0.33 (Revision: 7d6b0800528b6b25c68b52dc10d6c1c8429c100c)
	major: 8
	minor: 0
	JDBC version: 4.2
2026-02-21 09:54:29 WARN  deprecation:152 - HHH90000025: MySQLDialect does not need to be specified explicitly using 'hibernate.dialect' (remove the property setting and it will be selected by default)
2026-02-21 09:54:29 DEBUG dialect:93 - HHH035001: Using dialect: org.hibernate.dialect.MySQLDialect, version: 8.0.42
2026-02-21 09:54:29 DEBUG IdentifierHelperBuilder:205 - IdentifierCaseStrategy for both quoted and unquoted identifiers was set to the same strategy [LOWER]; that will likely lead to problems in schema update and validation if using quoted identifiers
2026-02-21 09:54:29 DEBUG jdbc:379 - HHH100122: Using default JDBC fetch size: 0
2026-02-21 09:54:29 INFO  pooling:179 - HHH10001005: Database info:
	Database JDBC URL [jdbc:mysql://localhost:3306/mla]
	Database driver: MySQL Connector/J
	Database dialect: MySQLDialect
	Database version: 8.0.42
	Default catalog/schema: mla/undefined
	Autocommit mode: false
	Isolation level: REPEATABLE_READ
	JDBC fetch size: none
	Pool: DriverManagerConnectionProvider
	Minimum pool size: 1
	Maximum pool size: 20
2026-02-21 09:54:29 DEBUG pooling:79 - HHH10001008: Cleaning up connection pool [jdbc:mysql://localhost:3306/mla]
2026-02-21 09:55:05 DEBUG service:41 - HHH010455: Adding integrator: org.hibernate.boot.beanvalidation.BeanValidationIntegrator
2026-02-21 09:55:05 DEBUG service:41 - HHH010455: Adding integrator: org.hibernate.cache.internal.CollectionCacheInvalidator
2026-02-21 09:55:05 INFO  core:41 - HHH000001: Hibernate ORM core version 7.2.4.Final
2026-02-21 09:55:05 DEBUG core:155 - HHH000206: 'hibernate.properties' not found
2026-02-21 09:55:05 DEBUG boot:97 - HHH160204: cfg.xml document did not define namespaces; wrapping in custom event reader to introduce namespace information
2026-02-21 09:55:05 DEBUG cache:116 - HHH90001031: Cannot default RegionFactory since no RegionFactory strategies were registered
2026-02-21 09:55:05 DEBUG cache:46 - HHH90001029: Second-level cache disabled
2026-02-21 09:55:06 WARN  pooling:85 - HHH10001002: Using built-in connection pool (not intended for production use)
2026-02-21 09:55:06 DEBUG pooling:34 - HHH10001014: Initializing connection pool with 1 connections
2026-02-21 09:55:06 DEBUG jdbc:457 - HHH100017: Database:
	name: MySQL
	version: 8.0.42
	major: 8
	minor: 0
2026-02-21 09:55:06 DEBUG jdbc:463 - HHH100018: Driver:
	name: MySQL Connector/J
	version: mysql-connector-j-8.0.33 (Revision: 7d6b0800528b6b25c68b52dc10d6c1c8429c100c)
	major: 8
	minor: 0
	JDBC version: 4.2
2026-02-21 09:55:06 WARN  deprecation:152 - HHH90000025: MySQLDialect does not need to be specified explicitly using 'hibernate.dialect' (remove the property setting and it will be selected by default)
2026-02-21 09:55:06 DEBUG dialect:93 - HHH035001: Using dialect: org.hibernate.dialect.MySQLDialect, version: 8.0.42
2026-02-21 09:55:06 DEBUG IdentifierHelperBuilder:205 - IdentifierCaseStrategy for both quoted and unquoted identifiers was set to the same strategy [LOWER]; that will likely lead to problems in schema update and validation if using quoted identifiers
2026-02-21 09:55:06 DEBUG jdbc:379 - HHH100122: Using default JDBC fetch size: 0
2026-02-21 09:55:06 INFO  pooling:179 - HHH10001005: Database info:
	Database JDBC URL [jdbc:mysql://localhost:3306/mla]
	Database driver: MySQL Connector/J
	Database dialect: MySQLDialect
	Database version: 8.0.42
	Default catalog/schema: mla/undefined
	Autocommit mode: false
	Isolation level: REPEATABLE_READ
	JDBC fetch size: none
	Pool: DriverManagerConnectionProvider
	Minimum pool size: 1
	Maximum pool size: 20
2026-02-21 09:55:07 DEBUG pooling:79 - HHH10001008: Cleaning up connection pool [jdbc:mysql://localhost:3306/mla]
2026-02-21 10:15:42 DEBUG service:41 - HHH010455: Adding integrator: org.hibernate.boot.beanvalidation.BeanValidationIntegrator
2026-02-21 10:15:42 DEBUG service:41 - HHH010455: Adding integrator: org.hibernate.cache.internal.CollectionCacheInvalidator
2026-02-21 10:15:42 INFO  core:41 - HHH000001: Hibernate ORM core version 7.2.4.Final
2026-02-21 10:15:42 DEBUG core:155 - HHH000206: 'hibernate.properties' not found
2026-02-21 10:15:42 DEBUG boot:97 - HHH160204: cfg.xml document did not define namespaces; wrapping in custom event reader to introduce namespace information
2026-02-21 10:15:43 DEBUG cache:116 - HHH90001031: Cannot default RegionFactory since no RegionFactory strategies were registered
2026-02-21 10:15:43 DEBUG cache:46 - HHH90001029: Second-level cache disabled
2026-02-21 10:15:43 WARN  pooling:85 - HHH10001002: Using built-in connection pool (not intended for production use)
2026-02-21 10:15:44 DEBUG pooling:34 - HHH10001014: Initializing connection pool with 1 connections
2026-02-21 10:15:44 DEBUG jdbc:457 - HHH100017: Database:
	name: MySQL
	version: 8.0.42
	major: 8
	minor: 0
2026-02-21 10:15:44 DEBUG jdbc:463 - HHH100018: Driver:
	name: MySQL Connector/J
	version: mysql-connector-j-8.0.33 (Revision: 7d6b0800528b6b25c68b52dc10d6c1c8429c100c)
	major: 8
	minor: 0
	JDBC version: 4.2
2026-02-21 10:15:44 WARN  deprecation:152 - HHH90000025: MySQLDialect does not need to be specified explicitly using 'hibernate.dialect' (remove the property setting and it will be selected by default)
2026-02-21 10:15:44 DEBUG dialect:93 - HHH035001: Using dialect: org.hibernate.dialect.MySQLDialect, version: 8.0.42
2026-02-21 10:15:44 DEBUG IdentifierHelperBuilder:205 - IdentifierCaseStrategy for both quoted and unquoted identifiers was set to the same strategy [LOWER]; that will likely lead to problems in schema update and validation if using quoted identifiers
2026-02-21 10:15:44 DEBUG jdbc:379 - HHH100122: Using default JDBC fetch size: 0
2026-02-21 10:15:44 INFO  pooling:179 - HHH10001005: Database info:
	Database JDBC URL [jdbc:mysql://localhost:3306/mla]
	Database driver: MySQL Connector/J
	Database dialect: MySQLDialect
	Database version: 8.0.42
	Default catalog/schema: mla/undefined
	Autocommit mode: false
	Isolation level: REPEATABLE_READ
	JDBC fetch size: none
	Pool: DriverManagerConnectionProvider
	Minimum pool size: 1
	Maximum pool size: 20
2026-02-21 10:15:44 DEBUG pooling:79 - HHH10001008: Cleaning up connection pool [jdbc:mysql://localhost:3306/mla]
2026-02-21 10:17:09 DEBUG service:41 - HHH010455: Adding integrator: org.hibernate.boot.beanvalidation.BeanValidationIntegrator
2026-02-21 10:17:09 DEBUG service:41 - HHH010455: Adding integrator: org.hibernate.cache.internal.CollectionCacheInvalidator
2026-02-21 10:17:09 INFO  core:41 - HHH000001: Hibernate ORM core version 7.2.4.Final
2026-02-21 10:17:09 DEBUG core:155 - HHH000206: 'hibernate.properties' not found
2026-02-21 10:17:09 DEBUG boot:97 - HHH160204: cfg.xml document did not define namespaces; wrapping in custom event reader to introduce namespace information
2026-02-21 10:17:09 DEBUG cache:116 - HHH90001031: Cannot default RegionFactory since no RegionFactory strategies were registered
2026-02-21 10:17:09 DEBUG cache:46 - HHH90001029: Second-level cache disabled
2026-02-21 10:17:10 WARN  pooling:85 - HHH10001002: Using built-in connection pool (not intended for production use)
2026-02-21 10:17:10 DEBUG pooling:34 - HHH10001014: Initializing connection pool with 1 connections
2026-02-21 10:17:10 DEBUG jdbc:457 - HHH100017: Database:
	name: MySQL
	version: 8.0.42
	major: 8
	minor: 0
2026-02-21 10:17:10 DEBUG jdbc:463 - HHH100018: Driver:
	name: MySQL Connector/J
	version: mysql-connector-j-8.0.33 (Revision: 7d6b0800528b6b25c68b52dc10d6c1c8429c100c)
	major: 8
	minor: 0
	JDBC version: 4.2
2026-02-21 10:17:10 WARN  deprecation:152 - HHH90000025: MySQLDialect does not need to be specified explicitly using 'hibernate.dialect' (remove the property setting and it will be selected by default)
2026-02-21 10:17:10 DEBUG dialect:93 - HHH035001: Using dialect: org.hibernate.dialect.MySQLDialect, version: 8.0.42
2026-02-21 10:17:10 DEBUG IdentifierHelperBuilder:205 - IdentifierCaseStrategy for both quoted and unquoted identifiers was set to the same strategy [LOWER]; that will likely lead to problems in schema update and validation if using quoted identifiers
2026-02-21 10:17:10 DEBUG jdbc:379 - HHH100122: Using default JDBC fetch size: 0
2026-02-21 10:17:10 INFO  pooling:179 - HHH10001005: Database info:
	Database JDBC URL [jdbc:mysql://localhost:3306/mla]
	Database driver: MySQL Connector/J
	Database dialect: MySQLDialect
	Database version: 8.0.42
	Default catalog/schema: mla/undefined
	Autocommit mode: false
	Isolation level: REPEATABLE_READ
	JDBC fetch size: none
	Pool: DriverManagerConnectionProvider
	Minimum pool size: 1
	Maximum pool size: 20
2026-02-21 10:17:10 DEBUG pooling:79 - HHH10001008: Cleaning up connection pool [jdbc:mysql://localhost:3306/mla]
2026-02-21 10:20:15 DEBUG service:41 - HHH010455: Adding integrator: org.hibernate.boot.beanvalidation.BeanValidationIntegrator
2026-02-21 10:20:15 DEBUG service:41 - HHH010455: Adding integrator: org.hibernate.cache.internal.CollectionCacheInvalidator
2026-02-21 10:20:15 INFO  core:41 - HHH000001: Hibernate ORM core version 7.2.4.Final
2026-02-21 10:20:15 DEBUG core:155 - HHH000206: 'hibernate.properties' not found
2026-02-21 10:20:15 DEBUG boot:97 - HHH160204: cfg.xml document did not define namespaces; wrapping in custom event reader to introduce namespace information
2026-02-21 10:20:15 DEBUG cache:116 - HHH90001031: Cannot default RegionFactory since no RegionFactory strategies were registered
2026-02-21 10:20:15 DEBUG cache:46 - HHH90001029: Second-level cache disabled
2026-02-21 10:20:16 WARN  pooling:85 - HHH10001002: Using built-in connection pool (not intended for production use)
2026-02-21 10:20:16 DEBUG pooling:34 - HHH10001014: Initializing connection pool with 1 connections
2026-02-21 10:20:16 DEBUG jdbc:457 - HHH100017: Database:
	name: MySQL
	version: 8.0.42
	major: 8
	minor: 0
2026-02-21 10:20:16 DEBUG jdbc:463 - HHH100018: Driver:
	name: MySQL Connector/J
	version: mysql-connector-j-8.0.33 (Revision: 7d6b0800528b6b25c68b52dc10d6c1c8429c100c)
	major: 8
	minor: 0
	JDBC version: 4.2
2026-02-21 10:20:16 WARN  deprecation:152 - HHH90000025: MySQLDialect does not need to be specified explicitly using 'hibernate.dialect' (remove the property setting and it will be selected by default)
2026-02-21 10:20:16 DEBUG dialect:93 - HHH035001: Using dialect: org.hibernate.dialect.MySQLDialect, version: 8.0.42
2026-02-21 10:20:16 DEBUG IdentifierHelperBuilder:205 - IdentifierCaseStrategy for both quoted and unquoted identifiers was set to the same strategy [LOWER]; that will likely lead to problems in schema update and validation if using quoted identifiers
2026-02-21 10:20:16 DEBUG jdbc:379 - HHH100122: Using default JDBC fetch size: 0
2026-02-21 10:20:16 INFO  pooling:179 - HHH10001005: Database info:
	Database JDBC URL [jdbc:mysql://localhost:3306/mla]
	Database driver: MySQL Connector/J
	Database dialect: MySQLDialect
	Database version: 8.0.42
	Default catalog/schema: mla/undefined
	Autocommit mode: false
	Isolation level: REPEATABLE_READ
	JDBC fetch size: none
	Pool: DriverManagerConnectionProvider
	Minimum pool size: 1
	Maximum pool size: 20
2026-02-21 10:20:17 DEBUG factory:230 - HHH90020001: Instantiating factory [b830c8bc-341a-428e-92a3-157bcc41c5f9] with settings: {hibernate.format_sql=true, java.specification.version=25, sun.cpu.isalist=amd64, sun.jnu.encoding=Cp1252, hibernate.dialect=org.hibernate.dialect.MySQLDialect, java.class.path=C:\Users\sneha.x5\Desktop\MLA Java 1102\HibernateMappings\target\classes;C:\Users\sneha.x5\.m2\repository\org\hibernate\orm\hibernate-core\7.2.4.Final\hibernate-core-7.2.4.Final.jar;C:\Users\sneha.x5\.m2\repository\jakarta\persistence\jakarta.persistence-api\3.2.0\jakarta.persistence-api-3.2.0.jar;C:\Users\sneha.x5\.m2\repository\jakarta\transaction\jakarta.transaction-api\2.0.1\jakarta.transaction-api-2.0.1.jar;C:\Users\sneha.x5\.m2\repository\org\jboss\logging\jboss-logging\3.6.1.Final\jboss-logging-3.6.1.Final.jar;C:\Users\sneha.x5\.m2\repository\org\hibernate\models\hibernate-models\1.0.1\hibernate-models-1.0.1.jar;C:\Users\sneha.x5\.m2\repository\com\fasterxml\classmate\1.7.1\classmate-1.7.1.jar;C:\Users\sneha.x5\.m2\repository\net\bytebuddy\byte-buddy\1.17.8\byte-buddy-1.17.8.jar;C:\Users\sneha.x5\.m2\repository\jakarta\xml\bind\jakarta.xml.bind-api\4.0.4\jakarta.xml.bind-api-4.0.4.jar;C:\Users\sneha.x5\.m2\repository\jakarta\activation\jakarta.activation-api\2.1.4\jakarta.activation-api-2.1.4.jar;C:\Users\sneha.x5\.m2\repository\org\glassfish\jaxb\jaxb-runtime\4.0.6\jaxb-runtime-4.0.6.jar;C:\Users\sneha.x5\.m2\repository\org\glassfish\jaxb\jaxb-core\4.0.6\jaxb-core-4.0.6.jar;C:\Users\sneha.x5\.m2\repository\org\eclipse\angus\angus-activation\2.0.3\angus-activation-2.0.3.jar;C:\Users\sneha.x5\.m2\repository\org\glassfish\jaxb\txw2\4.0.6\txw2-4.0.6.jar;C:\Users\sneha.x5\.m2\repository\com\sun\istack\istack-commons-runtime\4.1.2\istack-commons-runtime-4.1.2.jar;C:\Users\sneha.x5\.m2\repository\jakarta\inject\jakarta.inject-api\2.0.1\jakarta.inject-api-2.0.1.jar;C:\Users\sneha.x5\.m2\repository\org\antlr\antlr4-runtime\4.13.2\antlr4-runtime-4.13.2.jar;C:\Users\sneha.x5\.m2\repository\com\mysql\mysql-connector-j\8.0.33\mysql-connector-j-8.0.33.jar;C:\Users\sneha.x5\.m2\repository\com\google\protobuf\protobuf-java\3.21.9\protobuf-java-3.21.9.jar;C:\Users\sneha.x5\.m2\repository\org\apache\logging\log4j\log4j-core\2.25.3\log4j-core-2.25.3.jar;C:\Users\sneha.x5\.m2\repository\org\apache\logging\log4j\log4j-api\2.25.3\log4j-api-2.25.3.jar;C:\Users\sneha.x5\.m2\repository\org\apache\logging\log4j\log4j-slf4j-impl\2.25.3\log4j-slf4j-impl-2.25.3.jar;C:\Users\sneha.x5\.m2\repository\org\slf4j\slf4j-api\1.7.36\slf4j-api-1.7.36.jar, java.vm.vendor=Eclipse Adoptium, sun.arch.data.model=64, hbm2ddl.auto=create, user.variant=, java.vendor.url=https://adoptium.net/, user.timezone=Asia/Calcutta, java.vm.specification.version=25, os.name=Windows 11, sun.java.launcher=SUN_STANDARD, user.country=US, sun.boot.library.path=C:\Users\sneha.x5\Downloads\sts-5.0.1.RELEASE\plugins\org.eclipse.justj.openjdk.hotspot.jre.full.win32.x86_64_25.0.1.v20251108-1451\jre\bin, sun.java.command=com.test.TestDemo, jdk.debug=release, sun.cpu.endian=little, user.home=C:\Users\sneha.x5, user.language=en, java.specification.vendor=Oracle Corporation, java.version.date=2025-10-21, java.home=C:\Users\sneha.x5\Downloads\sts-5.0.1.RELEASE\plugins\org.eclipse.justj.openjdk.hotspot.jre.full.win32.x86_64_25.0.1.v20251108-1451\jre, file.separator=\, java.vm.compressedOopsMode=32-bit, line.separator=
, java.vm.specification.vendor=Oracle Corporation, java.specification.name=Java Platform API Specification, hibernate.hbm2ddl.auto=create, user.script=, sun.management.compiler=HotSpot 64-Bit Tiered Compilers, java.runtime.version=25.0.1+8-LTS, user.name=sneha.x5, stdout.encoding=UTF-8, path.separator=;, hibernate.connection.username=****, os.version=10.0, java.runtime.name=OpenJDK Runtime Environment, hibernate.connection.url=jdbc:mysql://localhost:3306/mla, file.encoding=UTF-8, format_sql=true, java.vm.name=OpenJDK 64-Bit Server VM, hibernate.show_sql=true, java.vendor.version=Temurin-25.0.1+8, show_sql=true, hibernate.connection.driver_class=com.mysql.jdbc.Driver, java.vendor.url.bug=https://github.com/adoptium/adoptium-support/issues, java.io.tmpdir=C:\Users\sneha.x5\AppData\Local\Temp\, java.version=25.0.1, user.dir=C:\Users\sneha.x5\Desktop\MLA Java 1102\HibernateMappings, os.arch=amd64, java.vm.specification.name=Java Virtual Machine Specification, hibernate.connection.password=****, sun.os.patch.level=, hibernate.boot.CfgXmlAccessService.key=org.hibernate.boot.cfgxml.spi.LoadedConfig@7573b9ee, native.encoding=Cp1252, java.library.path=C:\Users\sneha.x5\Downloads\sts-5.0.1.RELEASE\plugins\org.eclipse.justj.openjdk.hotspot.jre.full.win32.x86_64_25.0.1.v20251108-1451\jre\bin;C:\windows\Sun\Java\bin;C:\windows\system32;C:\windows;C:/Users/sneha.x5/Downloads/sts-5.0.1.RELEASE//plugins/org.eclipse.justj.openjdk.hotspot.jre.full.win32.x86_64_25.0.1.v20251108-1451/jre/bin/server;C:/Users/sneha.x5/Downloads/sts-5.0.1.RELEASE//plugins/org.eclipse.justj.openjdk.hotspot.jre.full.win32.x86_64_25.0.1.v20251108-1451/jre/bin;C:\Program Files\Microsoft\jdk-11.0.23.9-hotspot\bin;C:\Program Files\Microsoft\jdk-17.0.15.6-hotspot\bin;C:\Program Files\Python313\Scripts\;C:\Program Files\Python313\;C:\windows\system32;C:\windows;C:\windows\System32\Wbem;C:\windows\System32\WindowsPowerShell\v1.0\;C:\windows\System32\OpenSSH\;C:\Program Files\apache-maven-3.9.10\bin;C:\Program Files\nodejs\;C:\Program Files\Git\cmd;C:\Program Files\Microsoft VS Code\bin;C:\Program Files\dotnet\;C:\Program Files (x86)\Microsoft SQL Server\160\DTS\Binn\;C:\Program Files (x86)\Microsoft SQL Server\160\Tools\Binn\;C:\Program Files\Microsoft SQL Server\160\Tools\Binn\;C:\Program Files\Microsoft SQL Server\Client SDK\ODBC\170\Tools\Binn\;C:\Program Files\Microsoft SQL Server\160\DTS\Binn\;C:\Users\sneha.x5\AppData\Local\Microsoft\WindowsApps;C:\windows\system32;;., stderr.encoding=UTF-8, java.vendor=Eclipse Adoptium, java.vm.info=mixed mode, sharing, stdin.encoding=Cp1252, java.vm.version=25.0.1+8-LTS, sun.io.unicode.encoding=UnicodeLittle, java.class.version=69.0}
2026-02-21 10:20:17 DEBUG HQL_FUNCTIONS:155 - Available HQL Functions:
	abs(NUMERIC arg)
	Double acos(NUMERIC arg)
	adddate(DATE datetime, INTEGER days)
	addtime(TIME datetime, TIME time)
	Boolean any(BOOLEAN arg)
	Integer ascii(STRING arg)
	Double asin(NUMERIC arg)
	Double atan(NUMERIC arg)
	Double atan2(NUMERIC arg0, NUMERIC arg1)
	avg(arg)
	bit_and(arg)
	Integer bit_length(STRING_OR_CLOB arg)
	bit_or(arg)
	bitand(arg0, arg1)
	bitnot(arg)
	bitor(arg0, arg1)
	bitxor(arg0, arg1)
	cast(arg as Type)
	ceiling(NUMERIC arg)
	Character char(INTEGER arg)
	Integer character_length(STRING_OR_CLOB arg)
	Character chr(INTEGER arg)
	coalesce(arg0[, arg1[, ...]])
	String collate(STRING string as COLLATION collation)
	String concat(STRING string0[, STRING string1[, ...]])
	Double cos(NUMERIC arg)
	Double cosh(NUMERIC arg)
	Double cot(NUMERIC arg)
	Long count([distinct ]{arg|*})
	Integer crc32(arg)
	Double cume_dist([arg0[, ...]])
	Date curdate()
	Date current date
	Time current time
	Timestamp current timestamp
	Date current_date
	Instant current_instant
	Time current_time
	Timestamp current_timestamp
	Time curtime()
	Date date(arg)
	dateadd(TEMPORAL_UNIT field, INTEGER magnitude, TEMPORAL datetime)
	Integer datediff(DATE end, DATE start)
	Integer day(DATE arg)
	String dayname(DATE arg)
	Integer dayofmonth(DATE arg)
	Integer dayofweek(DATE arg)
	Integer dayofyear(DATE arg)
	Double degrees(NUMERIC arg)
	Long dense_rank([arg0[, ...]])
	Boolean every(BOOLEAN arg)
	Double exp(NUMERIC arg)
	extract(TEMPORAL_UNIT field from TEMPORAL arg)
	first_valueANY value
	floor(NUMERIC arg)
	String format(TEMPORAL datetime as STRING pattern)
	greatest(COMPARABLE arg0, COMPARABLE arg1[, arg2[, ...]])
	String hex(arg)
	Integer hour(TIME arg)
	ifnull(arg0, arg1)
	String insert(STRING string, INTEGER start, INTEGER length, STRING replacement)
	Instant instant
	Integer instr(STRING string, STRING pattern[, INTEGER start[, INTEGER occurrence]])
	String json_array([arg0[, ...]])
	String json_array_append(IMPLICIT_JSON arg0, STRING arg1, ANY arg2)
	String json_array_insert(IMPLICIT_JSON arg0, STRING arg1, ANY arg2)
	String json_arrayagg(arg0[, arg1])
	Boolean json_exists(IMPLICIT_JSON arg0, STRING arg1)
	String json_insert(IMPLICIT_JSON arg0, STRING arg1, ANY arg2)
	String json_mergepatch(IMPLICIT_JSON arg0, IMPLICIT_JSON arg1[, arg2[, ...]])
	String json_object( ... )
	String json_objectagg(arg0, arg1[, arg2, arg3])
	String json_query( ... )
	String json_remove(IMPLICIT_JSON arg0, STRING arg1)
	String json_replace(IMPLICIT_JSON arg0, STRING arg1, ANY arg2)
	String json_set(IMPLICIT_JSON arg0, STRING arg1, ANY arg2)
	json_value( ... )
	lagANY value[, INTEGER offset[, ANY default]]
	Date last_day(DATE arg)
	last_valueANY value
	leadANY value[, INTEGER offset[, ANY default]]
	least(COMPARABLE arg0, COMPARABLE arg1[, arg2[, ...]])
	String left(STRING string, INTEGER length)
	Integer length(STRING_OR_CLOB arg)
	String listagg(STRING arg0, STRING arg1)
	Double ln(NUMERIC arg)
	LocalDate local date
	LocalDateTime local datetime
	LocalTime local time
	LocalDate local_date
	LocalDateTime local_datetime
	LocalTime local_time
	Time localtime
	Timestamp localtimestamp
	Integer locate(STRING pattern, STRING string[, INTEGER start])
	Double log(NUMERIC arg0[, NUMERIC arg1])
	Double log10(NUMERIC arg)
	Double log2(NUMERIC arg)
	String lower(STRING string)
	String lpad(string, length[, padding])
	String ltrim(STRING string[, STRING characters])
	Date makedate(INTEGER year, INTEGER dayofyear)
	Time maketime(INTEGER hour, INTEGER min, INTEGER sec)
	max(COMPARABLE arg)
	byte[] md5(arg)
	Integer microsecond(TIME arg)
	min(COMPARABLE arg)
	Integer minute(TIME arg)
	Integer mod(INTEGER arg0, INTEGER arg1)
	Integer month(DATE arg)
	String monthname(DATE arg)
	Timestamp now()
	nth_valueANY value, INTEGER nth
	nullif(arg0, arg1)
	Integer octet_length(STRING_OR_CLOB arg)
	OffsetDateTime offset datetime
	OffsetDateTime offset_datetime
	Integer ordinal(ENUM arg)
	String overlay(STRING string placing STRING replacement from INTEGER start[ for INTEGER length])
	String pad(STRING string with INTEGER length {leading|trailing}[ STRING character])
	Double percent_rank([arg0[, ...]])
	Double pi
	Integer position(STRING pattern in STRING string)
	Double power(NUMERIC arg0, NUMERIC arg1)
	Integer quarter(DATE arg)
	Double radians(NUMERIC arg)
	Double rand([INTEGER seed])
	Long rank([arg0[, ...]])
	Boolean regexp_like(STRING arg0, STRING arg1[, STRING arg2])
	String repeat(STRING string, INTEGER times)
	String replace(STRING string, STRING pattern, STRING replacement)
	String reverse(STRING arg)
	String right(STRING string, INTEGER length)
	round(NUMERIC number[, INTEGER places])
	Long row_number()
	String rpad(string, length[, padding])
	String rtrim(STRING string[, STRING characters])
	Integer second(TIME arg)
	byte[] sha(arg)
	String sha1(arg)
	String sha2(arg0, arg1)
	Integer sign(NUMERIC arg)
	Double sin(NUMERIC arg)
	Double sinh(NUMERIC arg)
	String soundex(arg)
	String space(INTEGER arg)
	sql
	Double sqrt(NUMERIC arg)
	Double stddev(NUMERIC arg)
	Double stddev_pop(NUMERIC arg)
	Double stddev_samp(NUMERIC arg)
	String str(arg)
	String string(ENUM arg)
	subdate(DATE datetime, INTEGER days)
	String substr(STRING string, INTEGER start[, INTEGER length])
	String substring(STRING string{ from|,} INTEGER start[{ for|,} INTEGER length])
	subtime(TIME datetime, TIME time)
	sum(arg)
	Timestamp sysdate()
	Double tan(NUMERIC arg)
	Double tanh(NUMERIC arg)
	String time(arg)
	Timestamp timestamp(arg0[, arg1])
	timestampadd(TEMPORAL_UNIT field, INTEGER magnitude, TEMPORAL datetime)
	Long|Double timestampdiff(TEMPORAL_UNIT field, TEMPORAL start, TEMPORAL end)
	String trim([[{leading|trailing|both} ][STRING arg0 ]from] STRING arg1)
	trunc( ... )
	truncate( ... )
	String upper(STRING string)
	Date utc_date
	Time utc_time
	Timestamp utc_timestamp
	Double var_pop(NUMERIC arg)
	Double var_samp(NUMERIC arg)
	Double variance(NUMERIC arg)
	Integer week(DATE arg)
	Integer year(DATE arg)

2026-02-21 10:20:18 DEBUG interceptor:43 - HHH90005905: To-one property 'com.test.Order.user' was mapped with LAZY + NO_PROXY but the class was not enhanced
2026-02-21 10:20:18 DEBUG interceptor:43 - HHH90005905: To-one property 'com.test.Order.user' was mapped with LAZY + NO_PROXY but the class was not enhanced
2026-02-21 10:20:18 DEBUG core:211 - HHH000513: Unable to create the ReflectionOptimizer for [com.test.Order]: private accessor [o_name]
2026-02-21 10:20:18 DEBUG interceptor:43 - HHH90005905: To-one property 'com.test.Order.user' was mapped with LAZY + NO_PROXY but the class was not enhanced
2026-02-21 10:20:18 DEBUG core:211 - HHH000513: Unable to create the ReflectionOptimizer for [com.test.User]: private accessor [orders]
2026-02-21 10:20:19 INFO  core:53 - HHH000489: No JTA platform available (set 'hibernate.transaction.jta.platform' to enable JTA platform integration)
2026-02-21 10:20:19 DEBUG service:102 - HHH010454: EventListenerRegistry access via ServiceRegistry is deprecated - use 'sessionFactory.getEventEngine().getListenerRegistry()' instead
2026-02-21 10:20:19 DEBUG SQL:126 - 
    alter table orders 
       drop 
       foreign key FKel9kyl84ego2otj2accfd8mr7
2026-02-21 10:20:19 WARN  ExceptionHandlerLoggedImpl:25 - GenerationTarget encountered exception accepting command : Error executing DDL "
    alter table orders 
       drop 
       foreign key FKel9kyl84ego2otj2accfd8mr7" via JDBC [Table 'mla.orders' doesn't exist]
org.hibernate.tool.schema.spi.CommandAcceptanceException: Error executing DDL "
    alter table orders 
       drop 
       foreign key FKel9kyl84ego2otj2accfd8mr7" via JDBC [Table 'mla.orders' doesn't exist]
	at org.hibernate.tool.schema.internal.exec.GenerationTargetToDatabase.accept(GenerationTargetToDatabase.java:81)
	at org.hibernate.tool.schema.internal.Helper.applySqlString(Helper.java:218)
	at org.hibernate.tool.schema.internal.Helper.applySqlStrings(Helper.java:204)
	at org.hibernate.tool.schema.internal.SchemaDropperImpl.applyConstraintDropping(SchemaDropperImpl.java:473)
	at org.hibernate.tool.schema.internal.SchemaDropperImpl.dropConstraintsTablesSequences(SchemaDropperImpl.java:237)
	at org.hibernate.tool.schema.internal.SchemaDropperImpl.dropFromMetadata(SchemaDropperImpl.java:210)
	at org.hibernate.tool.schema.internal.SchemaDropperImpl.performDrop(SchemaDropperImpl.java:182)
	at org.hibernate.tool.schema.internal.SchemaDropperImpl.doDrop(SchemaDropperImpl.java:152)
	at org.hibernate.tool.schema.internal.SchemaDropperImpl.doDrop(SchemaDropperImpl.java:112)
	at org.hibernate.tool.schema.spi.SchemaManagementToolCoordinator.performDatabaseAction(SchemaManagementToolCoordinator.java:227)
	at org.hibernate.tool.schema.spi.SchemaManagementToolCoordinator.lambda$process$1(SchemaManagementToolCoordinator.java:101)
	at java.base/java.util.HashMap.forEach(HashMap.java:1430)
	at org.hibernate.tool.schema.spi.SchemaManagementToolCoordinator.process(SchemaManagementToolCoordinator.java:100)
	at org.hibernate.boot.internal.SessionFactoryObserverForSchemaExport.sessionFactoryCreated(SessionFactoryObserverForSchemaExport.java:35)
	at org.hibernate.internal.SessionFactoryObserverChain.sessionFactoryCreated(SessionFactoryObserverChain.java:33)
	at org.hibernate.internal.SessionFactoryImpl.<init>(SessionFactoryImpl.java:323)
	at org.hibernate.internal.SessionFactoryRegistry.instantiateSessionFactory(SessionFactoryRegistry.java:64)
	at org.hibernate.boot.internal.SessionFactoryBuilderImpl.build(SessionFactoryBuilderImpl.java:437)
	at org.hibernate.cfg.Configuration.buildSessionFactory(Configuration.java:1115)
	at org.hibernate.cfg.Configuration.buildSessionFactory(Configuration.java:1134)
	at com.test.TestDemo.main(TestDemo.java:16)
Caused by: java.sql.SQLSyntaxErrorException: Table 'mla.orders' doesn't exist
	at com.mysql.cj.jdbc.exceptions.SQLError.createSQLException(SQLError.java:121)
	at com.mysql.cj.jdbc.exceptions.SQLExceptionsMapping.translateException(SQLExceptionsMapping.java:122)
	at com.mysql.cj.jdbc.StatementImpl.executeInternal(StatementImpl.java:763)
	at com.mysql.cj.jdbc.StatementImpl.execute(StatementImpl.java:648)
	at org.hibernate.tool.schema.internal.exec.GenerationTargetToDatabase.accept(GenerationTargetToDatabase.java:76)
	... 20 more
2026-02-21 10:20:19 DEBUG SQL:126 - 
    alter table user_orders 
       drop 
       foreign key FK3yq31b5hsh40vprb3spflxaob
2026-02-21 10:20:19 WARN  ExceptionHandlerLoggedImpl:25 - GenerationTarget encountered exception accepting command : Error executing DDL "
    alter table user_orders 
       drop 
       foreign key FK3yq31b5hsh40vprb3spflxaob" via JDBC [Table 'mla.user_orders' doesn't exist]
org.hibernate.tool.schema.spi.CommandAcceptanceException: Error executing DDL "
    alter table user_orders 
       drop 
       foreign key FK3yq31b5hsh40vprb3spflxaob" via JDBC [Table 'mla.user_orders' doesn't exist]
	at org.hibernate.tool.schema.internal.exec.GenerationTargetToDatabase.accept(GenerationTargetToDatabase.java:81)
	at org.hibernate.tool.schema.internal.Helper.applySqlString(Helper.java:218)
	at org.hibernate.tool.schema.internal.Helper.applySqlStrings(Helper.java:204)
	at org.hibernate.tool.schema.internal.SchemaDropperImpl.applyConstraintDropping(SchemaDropperImpl.java:473)
	at org.hibernate.tool.schema.internal.SchemaDropperImpl.dropConstraintsTablesSequences(SchemaDropperImpl.java:237)
	at org.hibernate.tool.schema.internal.SchemaDropperImpl.dropFromMetadata(SchemaDropperImpl.java:210)
	at org.hibernate.tool.schema.internal.SchemaDropperImpl.performDrop(SchemaDropperImpl.java:182)
	at org.hibernate.tool.schema.internal.SchemaDropperImpl.doDrop(SchemaDropperImpl.java:152)
	at org.hibernate.tool.schema.internal.SchemaDropperImpl.doDrop(SchemaDropperImpl.java:112)
	at org.hibernate.tool.schema.spi.SchemaManagementToolCoordinator.performDatabaseAction(SchemaManagementToolCoordinator.java:227)
	at org.hibernate.tool.schema.spi.SchemaManagementToolCoordinator.lambda$process$1(SchemaManagementToolCoordinator.java:101)
	at java.base/java.util.HashMap.forEach(HashMap.java:1430)
	at org.hibernate.tool.schema.spi.SchemaManagementToolCoordinator.process(SchemaManagementToolCoordinator.java:100)
	at org.hibernate.boot.internal.SessionFactoryObserverForSchemaExport.sessionFactoryCreated(SessionFactoryObserverForSchemaExport.java:35)
	at org.hibernate.internal.SessionFactoryObserverChain.sessionFactoryCreated(SessionFactoryObserverChain.java:33)
	at org.hibernate.internal.SessionFactoryImpl.<init>(SessionFactoryImpl.java:323)
	at org.hibernate.internal.SessionFactoryRegistry.instantiateSessionFactory(SessionFactoryRegistry.java:64)
	at org.hibernate.boot.internal.SessionFactoryBuilderImpl.build(SessionFactoryBuilderImpl.java:437)
	at org.hibernate.cfg.Configuration.buildSessionFactory(Configuration.java:1115)
	at org.hibernate.cfg.Configuration.buildSessionFactory(Configuration.java:1134)
	at com.test.TestDemo.main(TestDemo.java:16)
Caused by: java.sql.SQLSyntaxErrorException: Table 'mla.user_orders' doesn't exist
	at com.mysql.cj.jdbc.exceptions.SQLError.createSQLException(SQLError.java:121)
	at com.mysql.cj.jdbc.exceptions.SQLExceptionsMapping.translateException(SQLExceptionsMapping.java:122)
	at com.mysql.cj.jdbc.StatementImpl.executeInternal(StatementImpl.java:763)
	at com.mysql.cj.jdbc.StatementImpl.execute(StatementImpl.java:648)
	at org.hibernate.tool.schema.internal.exec.GenerationTargetToDatabase.accept(GenerationTargetToDatabase.java:76)
	... 20 more
2026-02-21 10:20:19 DEBUG SQL:126 - 
    alter table user_orders 
       drop 
       foreign key FKi00x0di5wksco1soq3nc695k4
2026-02-21 10:20:19 WARN  ExceptionHandlerLoggedImpl:25 - GenerationTarget encountered exception accepting command : Error executing DDL "
    alter table user_orders 
       drop 
       foreign key FKi00x0di5wksco1soq3nc695k4" via JDBC [Table 'mla.user_orders' doesn't exist]
org.hibernate.tool.schema.spi.CommandAcceptanceException: Error executing DDL "
    alter table user_orders 
       drop 
       foreign key FKi00x0di5wksco1soq3nc695k4" via JDBC [Table 'mla.user_orders' doesn't exist]
	at org.hibernate.tool.schema.internal.exec.GenerationTargetToDatabase.accept(GenerationTargetToDatabase.java:81)
	at org.hibernate.tool.schema.internal.Helper.applySqlString(Helper.java:218)
	at org.hibernate.tool.schema.internal.Helper.applySqlStrings(Helper.java:204)
	at org.hibernate.tool.schema.internal.SchemaDropperImpl.applyConstraintDropping(SchemaDropperImpl.java:473)
	at org.hibernate.tool.schema.internal.SchemaDropperImpl.dropConstraintsTablesSequences(SchemaDropperImpl.java:237)
	at org.hibernate.tool.schema.internal.SchemaDropperImpl.dropFromMetadata(SchemaDropperImpl.java:210)
	at org.hibernate.tool.schema.internal.SchemaDropperImpl.performDrop(SchemaDropperImpl.java:182)
	at org.hibernate.tool.schema.internal.SchemaDropperImpl.doDrop(SchemaDropperImpl.java:152)
	at org.hibernate.tool.schema.internal.SchemaDropperImpl.doDrop(SchemaDropperImpl.java:112)
	at org.hibernate.tool.schema.spi.SchemaManagementToolCoordinator.performDatabaseAction(SchemaManagementToolCoordinator.java:227)
	at org.hibernate.tool.schema.spi.SchemaManagementToolCoordinator.lambda$process$1(SchemaManagementToolCoordinator.java:101)
	at java.base/java.util.HashMap.forEach(HashMap.java:1430)
	at org.hibernate.tool.schema.spi.SchemaManagementToolCoordinator.process(SchemaManagementToolCoordinator.java:100)
	at org.hibernate.boot.internal.SessionFactoryObserverForSchemaExport.sessionFactoryCreated(SessionFactoryObserverForSchemaExport.java:35)
	at org.hibernate.internal.SessionFactoryObserverChain.sessionFactoryCreated(SessionFactoryObserverChain.java:33)
	at org.hibernate.internal.SessionFactoryImpl.<init>(SessionFactoryImpl.java:323)
	at org.hibernate.internal.SessionFactoryRegistry.instantiateSessionFactory(SessionFactoryRegistry.java:64)
	at org.hibernate.boot.internal.SessionFactoryBuilderImpl.build(SessionFactoryBuilderImpl.java:437)
	at org.hibernate.cfg.Configuration.buildSessionFactory(Configuration.java:1115)
	at org.hibernate.cfg.Configuration.buildSessionFactory(Configuration.java:1134)
	at com.test.TestDemo.main(TestDemo.java:16)
Caused by: java.sql.SQLSyntaxErrorException: Table 'mla.user_orders' doesn't exist
	at com.mysql.cj.jdbc.exceptions.SQLError.createSQLException(SQLError.java:121)
	at com.mysql.cj.jdbc.exceptions.SQLExceptionsMapping.translateException(SQLExceptionsMapping.java:122)
	at com.mysql.cj.jdbc.StatementImpl.executeInternal(StatementImpl.java:763)
	at com.mysql.cj.jdbc.StatementImpl.execute(StatementImpl.java:648)
	at org.hibernate.tool.schema.internal.exec.GenerationTargetToDatabase.accept(GenerationTargetToDatabase.java:76)
	... 20 more
2026-02-21 10:20:19 DEBUG SQL:126 - 
    drop table if exists orders
2026-02-21 10:20:19 DEBUG SQL:126 - 
    drop table if exists orders_SEQ
2026-02-21 10:20:19 DEBUG SQL:126 - 
    drop table if exists user
2026-02-21 10:20:19 DEBUG SQL:126 - 
    drop table if exists user_orders
2026-02-21 10:20:19 DEBUG SQL:126 - 
    drop table if exists user_SEQ
2026-02-21 10:20:19 DEBUG SQL:126 - 
    create table orders (
        id integer not null,
        o_price integer not null,
        user_id integer,
        o_name varchar(255),
        primary key (id)
    ) engine=InnoDB
2026-02-21 10:20:19 DEBUG SQL:126 - 
    create table orders_SEQ (
        next_val bigint
    ) engine=InnoDB
2026-02-21 10:20:19 DEBUG SQL:126 - 
    insert into orders_SEQ ( next_val ) values ( 1 )
2026-02-21 10:20:19 DEBUG SQL:126 - 
    create table user (
        id integer not null,
        u_name varchar(255),
        primary key (id)
    ) engine=InnoDB
2026-02-21 10:20:19 DEBUG SQL:126 - 
    create table user_orders (
        User_id integer not null,
        orders_id integer not null
    ) engine=InnoDB
2026-02-21 10:20:19 DEBUG SQL:126 - 
    create table user_SEQ (
        next_val bigint
    ) engine=InnoDB
2026-02-21 10:20:19 DEBUG SQL:126 - 
    insert into user_SEQ ( next_val ) values ( 1 )
2026-02-21 10:20:19 DEBUG SQL:126 - 
    alter table user_orders 
       add constraint UKoqipapb9ox7fhui5n2ttp9ab4 unique (orders_id)
2026-02-21 10:20:20 DEBUG SQL:126 - 
    alter table orders 
       add constraint FKel9kyl84ego2otj2accfd8mr7 
       foreign key (user_id) 
       references user (id)
2026-02-21 10:20:20 DEBUG SQL:126 - 
    alter table user_orders 
       add constraint FK3yq31b5hsh40vprb3spflxaob 
       foreign key (orders_id) 
       references orders (id)
2026-02-21 10:20:20 DEBUG SQL:126 - 
    alter table user_orders 
       add constraint FKi00x0di5wksco1soq3nc695k4 
       foreign key (User_id) 
       references user (id)
2026-02-21 10:20:20 DEBUG factoryRegistry:86 - HHH020384: Registering SessionFactory [b830c8bc-341a-428e-92a3-157bcc41c5f9] (<unnamed>)
2026-02-21 10:20:20 DEBUG core:151 - HHH006588: Opening session [tenant=null]
2026-02-21 10:20:20 DEBUG core:74 - HHH006583: Beginning transaction
2026-02-21 10:20:20 DEBUG SQL:126 - 
    select
        next_val as id_val 
    from
        user_SEQ 
    for
        update
2026-02-21 10:20:20 DEBUG SQL:126 - 
    update
        user_SEQ 
    set
        next_val= ? 
    where
        next_val=?
2026-02-21 10:20:20 DEBUG SQL:126 - 
    select
        next_val as id_val 
    from
        orders_SEQ 
    for
        update
2026-02-21 10:20:20 DEBUG SQL:126 - 
    update
        orders_SEQ 
    set
        next_val= ? 
    where
        next_val=?
2026-02-21 10:20:20 DEBUG SQL:126 - 
    select
        next_val as id_val 
    from
        orders_SEQ 
    for
        update
2026-02-21 10:20:20 DEBUG SQL:126 - 
    update
        orders_SEQ 
    set
        next_val= ? 
    where
        next_val=?
2026-02-21 10:20:21 DEBUG core:87 - HHH006584: Committing transaction
2026-02-21 10:20:21 DEBUG event:98 - HHH90060071: Flushed: 3 insertions, 0 updates, 0 deletions to 3 objects
2026-02-21 10:20:21 DEBUG event:104 - HHH90060072: Flushed: 1 (re)creations, 0 updates, 0 removals to 1 collections
2026-02-21 10:20:21 DEBUG core:102 - Listing entities:
2026-02-21 10:20:21 DEBUG core:111 - com.test.Order{o_name=mouse, o_price=12, id=2, user=null}
2026-02-21 10:20:21 DEBUG core:111 - com.test.Order{o_name=laptop, o_price=234, id=1, user=null}
2026-02-21 10:20:21 DEBUG core:111 - com.test.User{u_name=Rahul, orders=[com.test.Order#1, com.test.Order#2], id=1}
2026-02-21 10:20:21 DEBUG SQL:126 - 
    insert 
    into
        user
        (u_name, id) 
    values
        (?, ?)
2026-02-21 10:20:21 DEBUG SQL:126 - 
    insert 
    into
        orders
        (o_name, o_price, user_id, id) 
    values
        (?, ?, ?, ?)
2026-02-21 10:20:21 DEBUG SQL:126 - 
    insert 
    into
        orders
        (o_name, o_price, user_id, id) 
    values
        (?, ?, ?, ?)
2026-02-21 10:20:21 DEBUG SQL:126 - 
    insert 
    into
        user_orders
        (User_id, orders_id) 
    values
        (?, ?)
2026-02-21 10:20:21 DEBUG SQL:126 - 
    insert 
    into
        user_orders
        (User_id, orders_id) 
    values
        (?, ?)
2026-02-21 10:20:21 DEBUG metrics:277 - HHH000401: Logging session metrics:
	26561900 ns acquiring 4 JDBC connections
	3246400 ns releasing 4 JDBC connections
	13557900 ns preparing 11 JDBC statements
	39586900 ns executing 11 JDBC statements
	0 ns executing 0 JDBC batches
	0 ns performing 0 second-level cache puts
	0 ns performing 0 second-level cache hits
	0 ns performing 0 second-level cache misses
	123656900 ns executing 1 flushes (flushing a total of 3 entities and 1 collections)
	0 ns executing 0 pre-partial-flushes
	0 ns executing 0 partial-flushes (flushing a total of 0 entities and 0 collections)

2026-02-21 10:24:02 DEBUG service:41 - HHH010455: Adding integrator: org.hibernate.boot.beanvalidation.BeanValidationIntegrator
2026-02-21 10:24:02 DEBUG service:41 - HHH010455: Adding integrator: org.hibernate.cache.internal.CollectionCacheInvalidator
2026-02-21 10:24:02 INFO  core:41 - HHH000001: Hibernate ORM core version 7.2.4.Final
2026-02-21 10:24:02 DEBUG core:155 - HHH000206: 'hibernate.properties' not found
2026-02-21 10:24:02 DEBUG boot:97 - HHH160204: cfg.xml document did not define namespaces; wrapping in custom event reader to introduce namespace information
2026-02-21 10:24:02 DEBUG cache:116 - HHH90001031: Cannot default RegionFactory since no RegionFactory strategies were registered
2026-02-21 10:24:02 DEBUG cache:46 - HHH90001029: Second-level cache disabled
2026-02-21 10:24:02 WARN  pooling:85 - HHH10001002: Using built-in connection pool (not intended for production use)
2026-02-21 10:24:03 DEBUG pooling:34 - HHH10001014: Initializing connection pool with 1 connections
2026-02-21 10:24:03 DEBUG jdbc:457 - HHH100017: Database:
	name: MySQL
	version: 8.0.42
	major: 8
	minor: 0
2026-02-21 10:24:03 DEBUG jdbc:463 - HHH100018: Driver:
	name: MySQL Connector/J
	version: mysql-connector-j-8.0.33 (Revision: 7d6b0800528b6b25c68b52dc10d6c1c8429c100c)
	major: 8
	minor: 0
	JDBC version: 4.2
2026-02-21 10:24:03 WARN  deprecation:152 - HHH90000025: MySQLDialect does not need to be specified explicitly using 'hibernate.dialect' (remove the property setting and it will be selected by default)
2026-02-21 10:24:03 DEBUG dialect:93 - HHH035001: Using dialect: org.hibernate.dialect.MySQLDialect, version: 8.0.42
2026-02-21 10:24:03 DEBUG IdentifierHelperBuilder:205 - IdentifierCaseStrategy for both quoted and unquoted identifiers was set to the same strategy [LOWER]; that will likely lead to problems in schema update and validation if using quoted identifiers
2026-02-21 10:24:03 DEBUG jdbc:379 - HHH100122: Using default JDBC fetch size: 0
2026-02-21 10:24:03 INFO  pooling:179 - HHH10001005: Database info:
	Database JDBC URL [jdbc:mysql://localhost:3306/mla]
	Database driver: MySQL Connector/J
	Database dialect: MySQLDialect
	Database version: 8.0.42
	Default catalog/schema: mla/undefined
	Autocommit mode: false
	Isolation level: REPEATABLE_READ
	JDBC fetch size: none
	Pool: DriverManagerConnectionProvider
	Minimum pool size: 1
	Maximum pool size: 20
2026-02-21 10:24:04 DEBUG factory:230 - HHH90020001: Instantiating factory [e4dbe9bb-d0c1-45b0-bbf3-32350a7935df] with settings: {hibernate.format_sql=true, java.specification.version=25, sun.cpu.isalist=amd64, sun.jnu.encoding=Cp1252, hibernate.dialect=org.hibernate.dialect.MySQLDialect, java.class.path=C:\Users\sneha.x5\Desktop\MLA Java 1102\HibernateMappings\target\classes;C:\Users\sneha.x5\.m2\repository\org\hibernate\orm\hibernate-core\7.2.4.Final\hibernate-core-7.2.4.Final.jar;C:\Users\sneha.x5\.m2\repository\jakarta\persistence\jakarta.persistence-api\3.2.0\jakarta.persistence-api-3.2.0.jar;C:\Users\sneha.x5\.m2\repository\jakarta\transaction\jakarta.transaction-api\2.0.1\jakarta.transaction-api-2.0.1.jar;C:\Users\sneha.x5\.m2\repository\org\jboss\logging\jboss-logging\3.6.1.Final\jboss-logging-3.6.1.Final.jar;C:\Users\sneha.x5\.m2\repository\org\hibernate\models\hibernate-models\1.0.1\hibernate-models-1.0.1.jar;C:\Users\sneha.x5\.m2\repository\com\fasterxml\classmate\1.7.1\classmate-1.7.1.jar;C:\Users\sneha.x5\.m2\repository\net\bytebuddy\byte-buddy\1.17.8\byte-buddy-1.17.8.jar;C:\Users\sneha.x5\.m2\repository\jakarta\xml\bind\jakarta.xml.bind-api\4.0.4\jakarta.xml.bind-api-4.0.4.jar;C:\Users\sneha.x5\.m2\repository\jakarta\activation\jakarta.activation-api\2.1.4\jakarta.activation-api-2.1.4.jar;C:\Users\sneha.x5\.m2\repository\org\glassfish\jaxb\jaxb-runtime\4.0.6\jaxb-runtime-4.0.6.jar;C:\Users\sneha.x5\.m2\repository\org\glassfish\jaxb\jaxb-core\4.0.6\jaxb-core-4.0.6.jar;C:\Users\sneha.x5\.m2\repository\org\eclipse\angus\angus-activation\2.0.3\angus-activation-2.0.3.jar;C:\Users\sneha.x5\.m2\repository\org\glassfish\jaxb\txw2\4.0.6\txw2-4.0.6.jar;C:\Users\sneha.x5\.m2\repository\com\sun\istack\istack-commons-runtime\4.1.2\istack-commons-runtime-4.1.2.jar;C:\Users\sneha.x5\.m2\repository\jakarta\inject\jakarta.inject-api\2.0.1\jakarta.inject-api-2.0.1.jar;C:\Users\sneha.x5\.m2\repository\org\antlr\antlr4-runtime\4.13.2\antlr4-runtime-4.13.2.jar;C:\Users\sneha.x5\.m2\repository\com\mysql\mysql-connector-j\8.0.33\mysql-connector-j-8.0.33.jar;C:\Users\sneha.x5\.m2\repository\com\google\protobuf\protobuf-java\3.21.9\protobuf-java-3.21.9.jar;C:\Users\sneha.x5\.m2\repository\org\apache\logging\log4j\log4j-core\2.25.3\log4j-core-2.25.3.jar;C:\Users\sneha.x5\.m2\repository\org\apache\logging\log4j\log4j-api\2.25.3\log4j-api-2.25.3.jar;C:\Users\sneha.x5\.m2\repository\org\apache\logging\log4j\log4j-slf4j-impl\2.25.3\log4j-slf4j-impl-2.25.3.jar;C:\Users\sneha.x5\.m2\repository\org\slf4j\slf4j-api\1.7.36\slf4j-api-1.7.36.jar, java.vm.vendor=Eclipse Adoptium, sun.arch.data.model=64, hbm2ddl.auto=update, user.variant=, java.vendor.url=https://adoptium.net/, user.timezone=Asia/Calcutta, java.vm.specification.version=25, os.name=Windows 11, sun.java.launcher=SUN_STANDARD, user.country=US, sun.boot.library.path=C:\Users\sneha.x5\Downloads\sts-5.0.1.RELEASE\plugins\org.eclipse.justj.openjdk.hotspot.jre.full.win32.x86_64_25.0.1.v20251108-1451\jre\bin, sun.java.command=com.test.TestDemo, jdk.debug=release, sun.cpu.endian=little, user.home=C:\Users\sneha.x5, user.language=en, java.specification.vendor=Oracle Corporation, java.version.date=2025-10-21, java.home=C:\Users\sneha.x5\Downloads\sts-5.0.1.RELEASE\plugins\org.eclipse.justj.openjdk.hotspot.jre.full.win32.x86_64_25.0.1.v20251108-1451\jre, file.separator=\, java.vm.compressedOopsMode=32-bit, line.separator=
, java.vm.specification.vendor=Oracle Corporation, java.specification.name=Java Platform API Specification, hibernate.hbm2ddl.auto=update, user.script=, sun.management.compiler=HotSpot 64-Bit Tiered Compilers, java.runtime.version=25.0.1+8-LTS, user.name=sneha.x5, stdout.encoding=UTF-8, path.separator=;, hibernate.connection.username=****, os.version=10.0, java.runtime.name=OpenJDK Runtime Environment, hibernate.connection.url=jdbc:mysql://localhost:3306/mla, file.encoding=UTF-8, format_sql=true, java.vm.name=OpenJDK 64-Bit Server VM, hibernate.show_sql=true, java.vendor.version=Temurin-25.0.1+8, show_sql=true, hibernate.connection.driver_class=com.mysql.jdbc.Driver, java.vendor.url.bug=https://github.com/adoptium/adoptium-support/issues, java.io.tmpdir=C:\Users\sneha.x5\AppData\Local\Temp\, java.version=25.0.1, user.dir=C:\Users\sneha.x5\Desktop\MLA Java 1102\HibernateMappings, os.arch=amd64, java.vm.specification.name=Java Virtual Machine Specification, hibernate.connection.password=****, sun.os.patch.level=, hibernate.boot.CfgXmlAccessService.key=org.hibernate.boot.cfgxml.spi.LoadedConfig@7573b9ee, native.encoding=Cp1252, java.library.path=C:\Users\sneha.x5\Downloads\sts-5.0.1.RELEASE\plugins\org.eclipse.justj.openjdk.hotspot.jre.full.win32.x86_64_25.0.1.v20251108-1451\jre\bin;C:\windows\Sun\Java\bin;C:\windows\system32;C:\windows;C:/Users/sneha.x5/Downloads/sts-5.0.1.RELEASE//plugins/org.eclipse.justj.openjdk.hotspot.jre.full.win32.x86_64_25.0.1.v20251108-1451/jre/bin/server;C:/Users/sneha.x5/Downloads/sts-5.0.1.RELEASE//plugins/org.eclipse.justj.openjdk.hotspot.jre.full.win32.x86_64_25.0.1.v20251108-1451/jre/bin;C:\Program Files\Microsoft\jdk-11.0.23.9-hotspot\bin;C:\Program Files\Microsoft\jdk-17.0.15.6-hotspot\bin;C:\Program Files\Python313\Scripts\;C:\Program Files\Python313\;C:\windows\system32;C:\windows;C:\windows\System32\Wbem;C:\windows\System32\WindowsPowerShell\v1.0\;C:\windows\System32\OpenSSH\;C:\Program Files\apache-maven-3.9.10\bin;C:\Program Files\nodejs\;C:\Program Files\Git\cmd;C:\Program Files\Microsoft VS Code\bin;C:\Program Files\dotnet\;C:\Program Files (x86)\Microsoft SQL Server\160\DTS\Binn\;C:\Program Files (x86)\Microsoft SQL Server\160\Tools\Binn\;C:\Program Files\Microsoft SQL Server\160\Tools\Binn\;C:\Program Files\Microsoft SQL Server\Client SDK\ODBC\170\Tools\Binn\;C:\Program Files\Microsoft SQL Server\160\DTS\Binn\;C:\Users\sneha.x5\AppData\Local\Microsoft\WindowsApps;C:\windows\system32;;., stderr.encoding=UTF-8, java.vendor=Eclipse Adoptium, java.vm.info=mixed mode, sharing, stdin.encoding=Cp1252, java.vm.version=25.0.1+8-LTS, sun.io.unicode.encoding=UnicodeLittle, java.class.version=69.0}
2026-02-21 10:24:04 DEBUG HQL_FUNCTIONS:155 - Available HQL Functions:
	abs(NUMERIC arg)
	Double acos(NUMERIC arg)
	adddate(DATE datetime, INTEGER days)
	addtime(TIME datetime, TIME time)
	Boolean any(BOOLEAN arg)
	Integer ascii(STRING arg)
	Double asin(NUMERIC arg)
	Double atan(NUMERIC arg)
	Double atan2(NUMERIC arg0, NUMERIC arg1)
	avg(arg)
	bit_and(arg)
	Integer bit_length(STRING_OR_CLOB arg)
	bit_or(arg)
	bitand(arg0, arg1)
	bitnot(arg)
	bitor(arg0, arg1)
	bitxor(arg0, arg1)
	cast(arg as Type)
	ceiling(NUMERIC arg)
	Character char(INTEGER arg)
	Integer character_length(STRING_OR_CLOB arg)
	Character chr(INTEGER arg)
	coalesce(arg0[, arg1[, ...]])
	String collate(STRING string as COLLATION collation)
	String concat(STRING string0[, STRING string1[, ...]])
	Double cos(NUMERIC arg)
	Double cosh(NUMERIC arg)
	Double cot(NUMERIC arg)
	Long count([distinct ]{arg|*})
	Integer crc32(arg)
	Double cume_dist([arg0[, ...]])
	Date curdate()
	Date current date
	Time current time
	Timestamp current timestamp
	Date current_date
	Instant current_instant
	Time current_time
	Timestamp current_timestamp
	Time curtime()
	Date date(arg)
	dateadd(TEMPORAL_UNIT field, INTEGER magnitude, TEMPORAL datetime)
	Integer datediff(DATE end, DATE start)
	Integer day(DATE arg)
	String dayname(DATE arg)
	Integer dayofmonth(DATE arg)
	Integer dayofweek(DATE arg)
	Integer dayofyear(DATE arg)
	Double degrees(NUMERIC arg)
	Long dense_rank([arg0[, ...]])
	Boolean every(BOOLEAN arg)
	Double exp(NUMERIC arg)
	extract(TEMPORAL_UNIT field from TEMPORAL arg)
	first_valueANY value
	floor(NUMERIC arg)
	String format(TEMPORAL datetime as STRING pattern)
	greatest(COMPARABLE arg0, COMPARABLE arg1[, arg2[, ...]])
	String hex(arg)
	Integer hour(TIME arg)
	ifnull(arg0, arg1)
	String insert(STRING string, INTEGER start, INTEGER length, STRING replacement)
	Instant instant
	Integer instr(STRING string, STRING pattern[, INTEGER start[, INTEGER occurrence]])
	String json_array([arg0[, ...]])
	String json_array_append(IMPLICIT_JSON arg0, STRING arg1, ANY arg2)
	String json_array_insert(IMPLICIT_JSON arg0, STRING arg1, ANY arg2)
	String json_arrayagg(arg0[, arg1])
	Boolean json_exists(IMPLICIT_JSON arg0, STRING arg1)
	String json_insert(IMPLICIT_JSON arg0, STRING arg1, ANY arg2)
	String json_mergepatch(IMPLICIT_JSON arg0, IMPLICIT_JSON arg1[, arg2[, ...]])
	String json_object( ... )
	String json_objectagg(arg0, arg1[, arg2, arg3])
	String json_query( ... )
	String json_remove(IMPLICIT_JSON arg0, STRING arg1)
	String json_replace(IMPLICIT_JSON arg0, STRING arg1, ANY arg2)
	String json_set(IMPLICIT_JSON arg0, STRING arg1, ANY arg2)
	json_value( ... )
	lagANY value[, INTEGER offset[, ANY default]]
	Date last_day(DATE arg)
	last_valueANY value
	leadANY value[, INTEGER offset[, ANY default]]
	least(COMPARABLE arg0, COMPARABLE arg1[, arg2[, ...]])
	String left(STRING string, INTEGER length)
	Integer length(STRING_OR_CLOB arg)
	String listagg(STRING arg0, STRING arg1)
	Double ln(NUMERIC arg)
	LocalDate local date
	LocalDateTime local datetime
	LocalTime local time
	LocalDate local_date
	LocalDateTime local_datetime
	LocalTime local_time
	Time localtime
	Timestamp localtimestamp
	Integer locate(STRING pattern, STRING string[, INTEGER start])
	Double log(NUMERIC arg0[, NUMERIC arg1])
	Double log10(NUMERIC arg)
	Double log2(NUMERIC arg)
	String lower(STRING string)
	String lpad(string, length[, padding])
	String ltrim(STRING string[, STRING characters])
	Date makedate(INTEGER year, INTEGER dayofyear)
	Time maketime(INTEGER hour, INTEGER min, INTEGER sec)
	max(COMPARABLE arg)
	byte[] md5(arg)
	Integer microsecond(TIME arg)
	min(COMPARABLE arg)
	Integer minute(TIME arg)
	Integer mod(INTEGER arg0, INTEGER arg1)
	Integer month(DATE arg)
	String monthname(DATE arg)
	Timestamp now()
	nth_valueANY value, INTEGER nth
	nullif(arg0, arg1)
	Integer octet_length(STRING_OR_CLOB arg)
	OffsetDateTime offset datetime
	OffsetDateTime offset_datetime
	Integer ordinal(ENUM arg)
	String overlay(STRING string placing STRING replacement from INTEGER start[ for INTEGER length])
	String pad(STRING string with INTEGER length {leading|trailing}[ STRING character])
	Double percent_rank([arg0[, ...]])
	Double pi
	Integer position(STRING pattern in STRING string)
	Double power(NUMERIC arg0, NUMERIC arg1)
	Integer quarter(DATE arg)
	Double radians(NUMERIC arg)
	Double rand([INTEGER seed])
	Long rank([arg0[, ...]])
	Boolean regexp_like(STRING arg0, STRING arg1[, STRING arg2])
	String repeat(STRING string, INTEGER times)
	String replace(STRING string, STRING pattern, STRING replacement)
	String reverse(STRING arg)
	String right(STRING string, INTEGER length)
	round(NUMERIC number[, INTEGER places])
	Long row_number()
	String rpad(string, length[, padding])
	String rtrim(STRING string[, STRING characters])
	Integer second(TIME arg)
	byte[] sha(arg)
	String sha1(arg)
	String sha2(arg0, arg1)
	Integer sign(NUMERIC arg)
	Double sin(NUMERIC arg)
	Double sinh(NUMERIC arg)
	String soundex(arg)
	String space(INTEGER arg)
	sql
	Double sqrt(NUMERIC arg)
	Double stddev(NUMERIC arg)
	Double stddev_pop(NUMERIC arg)
	Double stddev_samp(NUMERIC arg)
	String str(arg)
	String string(ENUM arg)
	subdate(DATE datetime, INTEGER days)
	String substr(STRING string, INTEGER start[, INTEGER length])
	String substring(STRING string{ from|,} INTEGER start[{ for|,} INTEGER length])
	subtime(TIME datetime, TIME time)
	sum(arg)
	Timestamp sysdate()
	Double tan(NUMERIC arg)
	Double tanh(NUMERIC arg)
	String time(arg)
	Timestamp timestamp(arg0[, arg1])
	timestampadd(TEMPORAL_UNIT field, INTEGER magnitude, TEMPORAL datetime)
	Long|Double timestampdiff(TEMPORAL_UNIT field, TEMPORAL start, TEMPORAL end)
	String trim([[{leading|trailing|both} ][STRING arg0 ]from] STRING arg1)
	trunc( ... )
	truncate( ... )
	String upper(STRING string)
	Date utc_date
	Time utc_time
	Timestamp utc_timestamp
	Double var_pop(NUMERIC arg)
	Double var_samp(NUMERIC arg)
	Double variance(NUMERIC arg)
	Integer week(DATE arg)
	Integer year(DATE arg)

2026-02-21 10:24:04 DEBUG interceptor:43 - HHH90005905: To-one property 'com.test.Order.user' was mapped with LAZY + NO_PROXY but the class was not enhanced
2026-02-21 10:24:04 DEBUG interceptor:43 - HHH90005905: To-one property 'com.test.Order.user' was mapped with LAZY + NO_PROXY but the class was not enhanced
2026-02-21 10:24:04 DEBUG core:211 - HHH000513: Unable to create the ReflectionOptimizer for [com.test.Order]: private accessor [o_name]
2026-02-21 10:24:04 DEBUG interceptor:43 - HHH90005905: To-one property 'com.test.Order.user' was mapped with LAZY + NO_PROXY but the class was not enhanced
2026-02-21 10:24:04 DEBUG core:211 - HHH000513: Unable to create the ReflectionOptimizer for [com.test.User]: private accessor [orders]
2026-02-21 10:24:05 INFO  core:53 - HHH000489: No JTA platform available (set 'hibernate.transaction.jta.platform' to enable JTA platform integration)
2026-02-21 10:24:05 DEBUG service:102 - HHH010454: EventListenerRegistry access via ServiceRegistry is deprecated - use 'sessionFactory.getEventEngine().getListenerRegistry()' instead
2026-02-21 10:24:05 DEBUG Table:101 - No alter strings for table: orders
2026-02-21 10:24:05 DEBUG Table:101 - No alter strings for table: orders_SEQ
2026-02-21 10:24:05 DEBUG Table:101 - No alter strings for table: user
2026-02-21 10:24:05 DEBUG Table:101 - No alter strings for table: user_orders
2026-02-21 10:24:05 DEBUG Table:101 - No alter strings for table: user_SEQ
2026-02-21 10:24:05 DEBUG factoryRegistry:86 - HHH020384: Registering SessionFactory [e4dbe9bb-d0c1-45b0-bbf3-32350a7935df] (<unnamed>)
2026-02-21 10:24:05 DEBUG core:151 - HHH006588: Opening session [tenant=null]
2026-02-21 10:24:05 DEBUG core:74 - HHH006583: Beginning transaction
2026-02-21 10:24:05 DEBUG SQL:126 - 
    select
        next_val as id_val 
    from
        user_SEQ 
    for
        update
2026-02-21 10:24:05 DEBUG SQL:126 - 
    update
        user_SEQ 
    set
        next_val= ? 
    where
        next_val=?
2026-02-21 10:24:05 DEBUG SQL:126 - 
    select
        next_val as id_val 
    from
        orders_SEQ 
    for
        update
2026-02-21 10:24:05 DEBUG SQL:126 - 
    update
        orders_SEQ 
    set
        next_val= ? 
    where
        next_val=?
2026-02-21 10:24:05 DEBUG core:87 - HHH006584: Committing transaction
2026-02-21 10:24:05 DEBUG event:98 - HHH90060071: Flushed: 3 insertions, 0 updates, 0 deletions to 3 objects
2026-02-21 10:24:05 DEBUG event:104 - HHH90060072: Flushed: 1 (re)creations, 0 updates, 0 removals to 1 collections
2026-02-21 10:24:05 DEBUG core:102 - Listing entities:
2026-02-21 10:24:05 DEBUG core:111 - com.test.Order{o_name=Charger, o_price=12, id=53, user=null}
2026-02-21 10:24:05 DEBUG core:111 - com.test.User{u_name=Rahul, orders=[com.test.Order#52, com.test.Order#53], id=2}
2026-02-21 10:24:05 DEBUG core:111 - com.test.Order{o_name=Mobile, o_price=234, id=52, user=null}
2026-02-21 10:24:05 DEBUG SQL:126 - 
    insert 
    into
        user
        (u_name, id) 
    values
        (?, ?)
2026-02-21 10:24:05 DEBUG SQL:126 - 
    insert 
    into
        orders
        (o_name, o_price, user_id, id) 
    values
        (?, ?, ?, ?)
2026-02-21 10:24:05 DEBUG SQL:126 - 
    insert 
    into
        orders
        (o_name, o_price, user_id, id) 
    values
        (?, ?, ?, ?)
2026-02-21 10:24:05 DEBUG SQL:126 - 
    insert 
    into
        user_orders
        (User_id, orders_id) 
    values
        (?, ?)
2026-02-21 10:24:05 DEBUG SQL:126 - 
    insert 
    into
        user_orders
        (User_id, orders_id) 
    values
        (?, ?)
2026-02-21 10:24:05 DEBUG metrics:277 - HHH000401: Logging session metrics:
	28656900 ns acquiring 3 JDBC connections
	2230300 ns releasing 3 JDBC connections
	3080800 ns preparing 9 JDBC statements
	15434200 ns executing 9 JDBC statements
	0 ns executing 0 JDBC batches
	0 ns performing 0 second-level cache puts
	0 ns performing 0 second-level cache hits
	0 ns performing 0 second-level cache misses
	79992200 ns executing 1 flushes (flushing a total of 3 entities and 1 collections)
	0 ns executing 0 pre-partial-flushes
	0 ns executing 0 partial-flushes (flushing a total of 0 entities and 0 collections)

2026-02-21 10:26:22 DEBUG service:41 - HHH010455: Adding integrator: org.hibernate.boot.beanvalidation.BeanValidationIntegrator
2026-02-21 10:26:22 DEBUG service:41 - HHH010455: Adding integrator: org.hibernate.cache.internal.CollectionCacheInvalidator
2026-02-21 10:26:22 INFO  core:41 - HHH000001: Hibernate ORM core version 7.2.4.Final
2026-02-21 10:26:22 DEBUG core:155 - HHH000206: 'hibernate.properties' not found
2026-02-21 10:26:22 DEBUG boot:97 - HHH160204: cfg.xml document did not define namespaces; wrapping in custom event reader to introduce namespace information
2026-02-21 10:26:23 DEBUG cache:116 - HHH90001031: Cannot default RegionFactory since no RegionFactory strategies were registered
2026-02-21 10:26:23 DEBUG cache:46 - HHH90001029: Second-level cache disabled
2026-02-21 10:26:23 WARN  pooling:85 - HHH10001002: Using built-in connection pool (not intended for production use)
2026-02-21 10:26:23 DEBUG pooling:34 - HHH10001014: Initializing connection pool with 1 connections
2026-02-21 10:26:23 DEBUG jdbc:457 - HHH100017: Database:
	name: MySQL
	version: 8.0.42
	major: 8
	minor: 0
2026-02-21 10:26:23 DEBUG jdbc:463 - HHH100018: Driver:
	name: MySQL Connector/J
	version: mysql-connector-j-8.0.33 (Revision: 7d6b0800528b6b25c68b52dc10d6c1c8429c100c)
	major: 8
	minor: 0
	JDBC version: 4.2
2026-02-21 10:26:24 WARN  deprecation:152 - HHH90000025: MySQLDialect does not need to be specified explicitly using 'hibernate.dialect' (remove the property setting and it will be selected by default)
2026-02-21 10:26:24 DEBUG dialect:93 - HHH035001: Using dialect: org.hibernate.dialect.MySQLDialect, version: 8.0.42
2026-02-21 10:26:24 DEBUG IdentifierHelperBuilder:205 - IdentifierCaseStrategy for both quoted and unquoted identifiers was set to the same strategy [LOWER]; that will likely lead to problems in schema update and validation if using quoted identifiers
2026-02-21 10:26:24 DEBUG jdbc:379 - HHH100122: Using default JDBC fetch size: 0
2026-02-21 10:26:24 INFO  pooling:179 - HHH10001005: Database info:
	Database JDBC URL [jdbc:mysql://localhost:3306/mla]
	Database driver: MySQL Connector/J
	Database dialect: MySQLDialect
	Database version: 8.0.42
	Default catalog/schema: mla/undefined
	Autocommit mode: false
	Isolation level: REPEATABLE_READ
	JDBC fetch size: none
	Pool: DriverManagerConnectionProvider
	Minimum pool size: 1
	Maximum pool size: 20
2026-02-21 10:26:24 DEBUG factory:230 - HHH90020001: Instantiating factory [123dd4dd-caf9-4fd2-8750-4819f22f5a35] with settings: {hibernate.format_sql=true, java.specification.version=25, sun.cpu.isalist=amd64, sun.jnu.encoding=Cp1252, hibernate.dialect=org.hibernate.dialect.MySQLDialect, java.class.path=C:\Users\sneha.x5\Desktop\MLA Java 1102\HibernateMappings\target\classes;C:\Users\sneha.x5\.m2\repository\org\hibernate\orm\hibernate-core\7.2.4.Final\hibernate-core-7.2.4.Final.jar;C:\Users\sneha.x5\.m2\repository\jakarta\persistence\jakarta.persistence-api\3.2.0\jakarta.persistence-api-3.2.0.jar;C:\Users\sneha.x5\.m2\repository\jakarta\transaction\jakarta.transaction-api\2.0.1\jakarta.transaction-api-2.0.1.jar;C:\Users\sneha.x5\.m2\repository\org\jboss\logging\jboss-logging\3.6.1.Final\jboss-logging-3.6.1.Final.jar;C:\Users\sneha.x5\.m2\repository\org\hibernate\models\hibernate-models\1.0.1\hibernate-models-1.0.1.jar;C:\Users\sneha.x5\.m2\repository\com\fasterxml\classmate\1.7.1\classmate-1.7.1.jar;C:\Users\sneha.x5\.m2\repository\net\bytebuddy\byte-buddy\1.17.8\byte-buddy-1.17.8.jar;C:\Users\sneha.x5\.m2\repository\jakarta\xml\bind\jakarta.xml.bind-api\4.0.4\jakarta.xml.bind-api-4.0.4.jar;C:\Users\sneha.x5\.m2\repository\jakarta\activation\jakarta.activation-api\2.1.4\jakarta.activation-api-2.1.4.jar;C:\Users\sneha.x5\.m2\repository\org\glassfish\jaxb\jaxb-runtime\4.0.6\jaxb-runtime-4.0.6.jar;C:\Users\sneha.x5\.m2\repository\org\glassfish\jaxb\jaxb-core\4.0.6\jaxb-core-4.0.6.jar;C:\Users\sneha.x5\.m2\repository\org\eclipse\angus\angus-activation\2.0.3\angus-activation-2.0.3.jar;C:\Users\sneha.x5\.m2\repository\org\glassfish\jaxb\txw2\4.0.6\txw2-4.0.6.jar;C:\Users\sneha.x5\.m2\repository\com\sun\istack\istack-commons-runtime\4.1.2\istack-commons-runtime-4.1.2.jar;C:\Users\sneha.x5\.m2\repository\jakarta\inject\jakarta.inject-api\2.0.1\jakarta.inject-api-2.0.1.jar;C:\Users\sneha.x5\.m2\repository\org\antlr\antlr4-runtime\4.13.2\antlr4-runtime-4.13.2.jar;C:\Users\sneha.x5\.m2\repository\com\mysql\mysql-connector-j\8.0.33\mysql-connector-j-8.0.33.jar;C:\Users\sneha.x5\.m2\repository\com\google\protobuf\protobuf-java\3.21.9\protobuf-java-3.21.9.jar;C:\Users\sneha.x5\.m2\repository\org\apache\logging\log4j\log4j-core\2.25.3\log4j-core-2.25.3.jar;C:\Users\sneha.x5\.m2\repository\org\apache\logging\log4j\log4j-api\2.25.3\log4j-api-2.25.3.jar;C:\Users\sneha.x5\.m2\repository\org\apache\logging\log4j\log4j-slf4j-impl\2.25.3\log4j-slf4j-impl-2.25.3.jar;C:\Users\sneha.x5\.m2\repository\org\slf4j\slf4j-api\1.7.36\slf4j-api-1.7.36.jar, java.vm.vendor=Eclipse Adoptium, sun.arch.data.model=64, hbm2ddl.auto=update, user.variant=, java.vendor.url=https://adoptium.net/, user.timezone=Asia/Calcutta, java.vm.specification.version=25, os.name=Windows 11, sun.java.launcher=SUN_STANDARD, user.country=US, sun.boot.library.path=C:\Users\sneha.x5\Downloads\sts-5.0.1.RELEASE\plugins\org.eclipse.justj.openjdk.hotspot.jre.full.win32.x86_64_25.0.1.v20251108-1451\jre\bin, sun.java.command=com.test.TestDemo, jdk.debug=release, sun.cpu.endian=little, user.home=C:\Users\sneha.x5, user.language=en, java.specification.vendor=Oracle Corporation, java.version.date=2025-10-21, java.home=C:\Users\sneha.x5\Downloads\sts-5.0.1.RELEASE\plugins\org.eclipse.justj.openjdk.hotspot.jre.full.win32.x86_64_25.0.1.v20251108-1451\jre, file.separator=\, java.vm.compressedOopsMode=32-bit, line.separator=
, java.vm.specification.vendor=Oracle Corporation, java.specification.name=Java Platform API Specification, hibernate.hbm2ddl.auto=update, user.script=, sun.management.compiler=HotSpot 64-Bit Tiered Compilers, java.runtime.version=25.0.1+8-LTS, user.name=sneha.x5, stdout.encoding=UTF-8, path.separator=;, hibernate.connection.username=****, os.version=10.0, java.runtime.name=OpenJDK Runtime Environment, hibernate.connection.url=jdbc:mysql://localhost:3306/mla, file.encoding=UTF-8, format_sql=true, java.vm.name=OpenJDK 64-Bit Server VM, hibernate.show_sql=true, java.vendor.version=Temurin-25.0.1+8, show_sql=true, hibernate.connection.driver_class=com.mysql.jdbc.Driver, java.vendor.url.bug=https://github.com/adoptium/adoptium-support/issues, java.io.tmpdir=C:\Users\sneha.x5\AppData\Local\Temp\, java.version=25.0.1, user.dir=C:\Users\sneha.x5\Desktop\MLA Java 1102\HibernateMappings, os.arch=amd64, java.vm.specification.name=Java Virtual Machine Specification, hibernate.connection.password=****, sun.os.patch.level=, hibernate.boot.CfgXmlAccessService.key=org.hibernate.boot.cfgxml.spi.LoadedConfig@7573b9ee, native.encoding=Cp1252, java.library.path=C:\Users\sneha.x5\Downloads\sts-5.0.1.RELEASE\plugins\org.eclipse.justj.openjdk.hotspot.jre.full.win32.x86_64_25.0.1.v20251108-1451\jre\bin;C:\windows\Sun\Java\bin;C:\windows\system32;C:\windows;C:/Users/sneha.x5/Downloads/sts-5.0.1.RELEASE//plugins/org.eclipse.justj.openjdk.hotspot.jre.full.win32.x86_64_25.0.1.v20251108-1451/jre/bin/server;C:/Users/sneha.x5/Downloads/sts-5.0.1.RELEASE//plugins/org.eclipse.justj.openjdk.hotspot.jre.full.win32.x86_64_25.0.1.v20251108-1451/jre/bin;C:\Program Files\Microsoft\jdk-11.0.23.9-hotspot\bin;C:\Program Files\Microsoft\jdk-17.0.15.6-hotspot\bin;C:\Program Files\Python313\Scripts\;C:\Program Files\Python313\;C:\windows\system32;C:\windows;C:\windows\System32\Wbem;C:\windows\System32\WindowsPowerShell\v1.0\;C:\windows\System32\OpenSSH\;C:\Program Files\apache-maven-3.9.10\bin;C:\Program Files\nodejs\;C:\Program Files\Git\cmd;C:\Program Files\Microsoft VS Code\bin;C:\Program Files\dotnet\;C:\Program Files (x86)\Microsoft SQL Server\160\DTS\Binn\;C:\Program Files (x86)\Microsoft SQL Server\160\Tools\Binn\;C:\Program Files\Microsoft SQL Server\160\Tools\Binn\;C:\Program Files\Microsoft SQL Server\Client SDK\ODBC\170\Tools\Binn\;C:\Program Files\Microsoft SQL Server\160\DTS\Binn\;C:\Users\sneha.x5\AppData\Local\Microsoft\WindowsApps;C:\windows\system32;;., stderr.encoding=UTF-8, java.vendor=Eclipse Adoptium, java.vm.info=mixed mode, sharing, stdin.encoding=Cp1252, java.vm.version=25.0.1+8-LTS, sun.io.unicode.encoding=UnicodeLittle, java.class.version=69.0}
2026-02-21 10:26:24 DEBUG HQL_FUNCTIONS:155 - Available HQL Functions:
	abs(NUMERIC arg)
	Double acos(NUMERIC arg)
	adddate(DATE datetime, INTEGER days)
	addtime(TIME datetime, TIME time)
	Boolean any(BOOLEAN arg)
	Integer ascii(STRING arg)
	Double asin(NUMERIC arg)
	Double atan(NUMERIC arg)
	Double atan2(NUMERIC arg0, NUMERIC arg1)
	avg(arg)
	bit_and(arg)
	Integer bit_length(STRING_OR_CLOB arg)
	bit_or(arg)
	bitand(arg0, arg1)
	bitnot(arg)
	bitor(arg0, arg1)
	bitxor(arg0, arg1)
	cast(arg as Type)
	ceiling(NUMERIC arg)
	Character char(INTEGER arg)
	Integer character_length(STRING_OR_CLOB arg)
	Character chr(INTEGER arg)
	coalesce(arg0[, arg1[, ...]])
	String collate(STRING string as COLLATION collation)
	String concat(STRING string0[, STRING string1[, ...]])
	Double cos(NUMERIC arg)
	Double cosh(NUMERIC arg)
	Double cot(NUMERIC arg)
	Long count([distinct ]{arg|*})
	Integer crc32(arg)
	Double cume_dist([arg0[, ...]])
	Date curdate()
	Date current date
	Time current time
	Timestamp current timestamp
	Date current_date
	Instant current_instant
	Time current_time
	Timestamp current_timestamp
	Time curtime()
	Date date(arg)
	dateadd(TEMPORAL_UNIT field, INTEGER magnitude, TEMPORAL datetime)
	Integer datediff(DATE end, DATE start)
	Integer day(DATE arg)
	String dayname(DATE arg)
	Integer dayofmonth(DATE arg)
	Integer dayofweek(DATE arg)
	Integer dayofyear(DATE arg)
	Double degrees(NUMERIC arg)
	Long dense_rank([arg0[, ...]])
	Boolean every(BOOLEAN arg)
	Double exp(NUMERIC arg)
	extract(TEMPORAL_UNIT field from TEMPORAL arg)
	first_valueANY value
	floor(NUMERIC arg)
	String format(TEMPORAL datetime as STRING pattern)
	greatest(COMPARABLE arg0, COMPARABLE arg1[, arg2[, ...]])
	String hex(arg)
	Integer hour(TIME arg)
	ifnull(arg0, arg1)
	String insert(STRING string, INTEGER start, INTEGER length, STRING replacement)
	Instant instant
	Integer instr(STRING string, STRING pattern[, INTEGER start[, INTEGER occurrence]])
	String json_array([arg0[, ...]])
	String json_array_append(IMPLICIT_JSON arg0, STRING arg1, ANY arg2)
	String json_array_insert(IMPLICIT_JSON arg0, STRING arg1, ANY arg2)
	String json_arrayagg(arg0[, arg1])
	Boolean json_exists(IMPLICIT_JSON arg0, STRING arg1)
	String json_insert(IMPLICIT_JSON arg0, STRING arg1, ANY arg2)
	String json_mergepatch(IMPLICIT_JSON arg0, IMPLICIT_JSON arg1[, arg2[, ...]])
	String json_object( ... )
	String json_objectagg(arg0, arg1[, arg2, arg3])
	String json_query( ... )
	String json_remove(IMPLICIT_JSON arg0, STRING arg1)
	String json_replace(IMPLICIT_JSON arg0, STRING arg1, ANY arg2)
	String json_set(IMPLICIT_JSON arg0, STRING arg1, ANY arg2)
	json_value( ... )
	lagANY value[, INTEGER offset[, ANY default]]
	Date last_day(DATE arg)
	last_valueANY value
	leadANY value[, INTEGER offset[, ANY default]]
	least(COMPARABLE arg0, COMPARABLE arg1[, arg2[, ...]])
	String left(STRING string, INTEGER length)
	Integer length(STRING_OR_CLOB arg)
	String listagg(STRING arg0, STRING arg1)
	Double ln(NUMERIC arg)
	LocalDate local date
	LocalDateTime local datetime
	LocalTime local time
	LocalDate local_date
	LocalDateTime local_datetime
	LocalTime local_time
	Time localtime
	Timestamp localtimestamp
	Integer locate(STRING pattern, STRING string[, INTEGER start])
	Double log(NUMERIC arg0[, NUMERIC arg1])
	Double log10(NUMERIC arg)
	Double log2(NUMERIC arg)
	String lower(STRING string)
	String lpad(string, length[, padding])
	String ltrim(STRING string[, STRING characters])
	Date makedate(INTEGER year, INTEGER dayofyear)
	Time maketime(INTEGER hour, INTEGER min, INTEGER sec)
	max(COMPARABLE arg)
	byte[] md5(arg)
	Integer microsecond(TIME arg)
	min(COMPARABLE arg)
	Integer minute(TIME arg)
	Integer mod(INTEGER arg0, INTEGER arg1)
	Integer month(DATE arg)
	String monthname(DATE arg)
	Timestamp now()
	nth_valueANY value, INTEGER nth
	nullif(arg0, arg1)
	Integer octet_length(STRING_OR_CLOB arg)
	OffsetDateTime offset datetime
	OffsetDateTime offset_datetime
	Integer ordinal(ENUM arg)
	String overlay(STRING string placing STRING replacement from INTEGER start[ for INTEGER length])
	String pad(STRING string with INTEGER length {leading|trailing}[ STRING character])
	Double percent_rank([arg0[, ...]])
	Double pi
	Integer position(STRING pattern in STRING string)
	Double power(NUMERIC arg0, NUMERIC arg1)
	Integer quarter(DATE arg)
	Double radians(NUMERIC arg)
	Double rand([INTEGER seed])
	Long rank([arg0[, ...]])
	Boolean regexp_like(STRING arg0, STRING arg1[, STRING arg2])
	String repeat(STRING string, INTEGER times)
	String replace(STRING string, STRING pattern, STRING replacement)
	String reverse(STRING arg)
	String right(STRING string, INTEGER length)
	round(NUMERIC number[, INTEGER places])
	Long row_number()
	String rpad(string, length[, padding])
	String rtrim(STRING string[, STRING characters])
	Integer second(TIME arg)
	byte[] sha(arg)
	String sha1(arg)
	String sha2(arg0, arg1)
	Integer sign(NUMERIC arg)
	Double sin(NUMERIC arg)
	Double sinh(NUMERIC arg)
	String soundex(arg)
	String space(INTEGER arg)
	sql
	Double sqrt(NUMERIC arg)
	Double stddev(NUMERIC arg)
	Double stddev_pop(NUMERIC arg)
	Double stddev_samp(NUMERIC arg)
	String str(arg)
	String string(ENUM arg)
	subdate(DATE datetime, INTEGER days)
	String substr(STRING string, INTEGER start[, INTEGER length])
	String substring(STRING string{ from|,} INTEGER start[{ for|,} INTEGER length])
	subtime(TIME datetime, TIME time)
	sum(arg)
	Timestamp sysdate()
	Double tan(NUMERIC arg)
	Double tanh(NUMERIC arg)
	String time(arg)
	Timestamp timestamp(arg0[, arg1])
	timestampadd(TEMPORAL_UNIT field, INTEGER magnitude, TEMPORAL datetime)
	Long|Double timestampdiff(TEMPORAL_UNIT field, TEMPORAL start, TEMPORAL end)
	String trim([[{leading|trailing|both} ][STRING arg0 ]from] STRING arg1)
	trunc( ... )
	truncate( ... )
	String upper(STRING string)
	Date utc_date
	Time utc_time
	Timestamp utc_timestamp
	Double var_pop(NUMERIC arg)
	Double var_samp(NUMERIC arg)
	Double variance(NUMERIC arg)
	Integer week(DATE arg)
	Integer year(DATE arg)

2026-02-21 10:26:25 DEBUG interceptor:43 - HHH90005905: To-one property 'com.test.Order.user' was mapped with LAZY + NO_PROXY but the class was not enhanced
2026-02-21 10:26:25 DEBUG interceptor:43 - HHH90005905: To-one property 'com.test.Order.user' was mapped with LAZY + NO_PROXY but the class was not enhanced
2026-02-21 10:26:25 DEBUG core:211 - HHH000513: Unable to create the ReflectionOptimizer for [com.test.Order]: private accessor [o_name]
2026-02-21 10:26:25 DEBUG interceptor:43 - HHH90005905: To-one property 'com.test.Order.user' was mapped with LAZY + NO_PROXY but the class was not enhanced
2026-02-21 10:26:25 DEBUG core:211 - HHH000513: Unable to create the ReflectionOptimizer for [com.test.User]: private accessor [orders]
2026-02-21 10:26:25 INFO  core:53 - HHH000489: No JTA platform available (set 'hibernate.transaction.jta.platform' to enable JTA platform integration)
2026-02-21 10:26:25 DEBUG service:102 - HHH010454: EventListenerRegistry access via ServiceRegistry is deprecated - use 'sessionFactory.getEventEngine().getListenerRegistry()' instead
2026-02-21 10:26:25 DEBUG Table:101 - No alter strings for table: orders
2026-02-21 10:26:25 DEBUG Table:101 - No alter strings for table: orders_SEQ
2026-02-21 10:26:25 DEBUG Table:101 - No alter strings for table: user
2026-02-21 10:26:25 DEBUG Table:101 - No alter strings for table: user_orders
2026-02-21 10:26:25 DEBUG Table:101 - No alter strings for table: user_SEQ
2026-02-21 10:26:25 DEBUG factoryRegistry:86 - HHH020384: Registering SessionFactory [123dd4dd-caf9-4fd2-8750-4819f22f5a35] (<unnamed>)
2026-02-21 10:26:25 DEBUG core:151 - HHH006588: Opening session [tenant=null]
2026-02-21 10:26:25 DEBUG core:74 - HHH006583: Beginning transaction
2026-02-21 10:26:25 DEBUG SQL:126 - 
    select
        next_val as id_val 
    from
        user_SEQ 
    for
        update
2026-02-21 10:26:25 DEBUG SQL:126 - 
    update
        user_SEQ 
    set
        next_val= ? 
    where
        next_val=?
2026-02-21 10:26:25 DEBUG SQL:126 - 
    select
        next_val as id_val 
    from
        orders_SEQ 
    for
        update
2026-02-21 10:26:25 DEBUG SQL:126 - 
    update
        orders_SEQ 
    set
        next_val= ? 
    where
        next_val=?
2026-02-21 10:26:25 DEBUG core:87 - HHH006584: Committing transaction
2026-02-21 10:26:25 DEBUG event:98 - HHH90060071: Flushed: 3 insertions, 0 updates, 0 deletions to 3 objects
2026-02-21 10:26:25 DEBUG event:104 - HHH90060072: Flushed: 1 (re)creations, 0 updates, 0 removals to 1 collections
2026-02-21 10:26:25 DEBUG core:102 - Listing entities:
2026-02-21 10:26:25 DEBUG core:111 - com.test.Order{o_name=Chair, o_price=2, id=103, user=null}
2026-02-21 10:26:25 DEBUG core:111 - com.test.User{u_name=Rohini, orders=[com.test.Order#102, com.test.Order#103], id=52}
2026-02-21 10:26:25 DEBUG core:111 - com.test.Order{o_name=Table, o_price=22, id=102, user=null}
2026-02-21 10:26:25 DEBUG SQL:126 - 
    insert 
    into
        user
        (u_name, id) 
    values
        (?, ?)
2026-02-21 10:26:25 DEBUG SQL:126 - 
    insert 
    into
        orders
        (o_name, o_price, user_id, id) 
    values
        (?, ?, ?, ?)
2026-02-21 10:26:25 DEBUG SQL:126 - 
    insert 
    into
        orders
        (o_name, o_price, user_id, id) 
    values
        (?, ?, ?, ?)
2026-02-21 10:26:25 DEBUG SQL:126 - 
    insert 
    into
        user_orders
        (User_id, orders_id) 
    values
        (?, ?)
2026-02-21 10:26:25 DEBUG SQL:126 - 
    insert 
    into
        user_orders
        (User_id, orders_id) 
    values
        (?, ?)
2026-02-21 10:26:25 DEBUG metrics:277 - HHH000401: Logging session metrics:
	27547400 ns acquiring 3 JDBC connections
	3389800 ns releasing 3 JDBC connections
	2719400 ns preparing 9 JDBC statements
	16176200 ns executing 9 JDBC statements
	0 ns executing 0 JDBC batches
	0 ns performing 0 second-level cache puts
	0 ns performing 0 second-level cache hits
	0 ns performing 0 second-level cache misses
	71530300 ns executing 1 flushes (flushing a total of 3 entities and 1 collections)
	0 ns executing 0 pre-partial-flushes
	0 ns executing 0 partial-flushes (flushing a total of 0 entities and 0 collections)

